# JRE version: Java(TM) SE Runtime Environment (8.0_131-b11) (build 1.8.0_131-b11)
# Java VM: Java HotSpot(TM) 64-Bit Server VM (25.131-b11 mixed mode windows-amd64 compressed oops)
Heap:
 PSYoungGen      total 99840K, used 38443K [0x0000000780980000, 0x0000000787700000, 0x00000007c0000000)
  eden space 94208K, 35% used [0x0000000780980000,0x00000007829cac90,0x0000000786580000)
  from space 5632K, 95% used [0x0000000787180000,0x00000007876c0000,0x0000000787700000)
  to   space 8192K, 0% used [0x0000000786700000,0x0000000786700000,0x0000000786f00000)
 ParOldGen       total 89600K, used 15400K [0x0000000701c00000, 0x0000000707380000, 0x0000000780980000)
  object space 89600K, 17% used [0x0000000701c00000,0x0000000702b0a380,0x0000000707380000)
 Metaspace       used 25037K, capacity 25510K, committed 25856K, reserved 1071104K
  class space    used 3131K, capacity 3238K, committed 3328K, reserved 1048576K
GC Heap History (10 events):
Event: 3.653 GC heap before
{Heap before GC invocations=1 (full 0):
 PSYoungGen      total 57344K, used 49152K [0x0000000780980000, 0x0000000784980000, 0x00000007c0000000)
  eden space 49152K, 100% used [0x0000000780980000,0x0000000783980000,0x0000000783980000)
  from space 8192K, 0% used [0x0000000784180000,0x0000000784180000,0x0000000784980000)
  to   space 8192K, 0% used [0x0000000783980000,0x0000000783980000,0x0000000784180000)
 ParOldGen       total 131072K, used 0K [0x0000000701c00000, 0x0000000709c00000, 0x0000000780980000)
  object space 131072K, 0% used [0x0000000701c00000,0x0000000701c00000,0x0000000709c00000)
 Metaspace       used 16053K, capacity 16286K, committed 16640K, reserved 1062912K
  class space    used 2130K, capacity 2226K, committed 2304K, reserved 1048576K
Event: 3.689 GC heap after
Heap after GC invocations=1 (full 0):
 PSYoungGen      total 57344K, used 5589K [0x0000000780980000, 0x0000000784980000, 0x00000007c0000000)
  eden space 49152K, 0% used [0x0000000780980000,0x0000000780980000,0x0000000783980000)
  from space 8192K, 68% used [0x0000000783980000,0x0000000783ef57d0,0x0000000784180000)
  to   space 8192K, 0% used [0x0000000784180000,0x0000000784180000,0x0000000784980000)
 ParOldGen       total 131072K, used 18225K [0x0000000701c00000, 0x0000000709c00000, 0x0000000780980000)
  object space 131072K, 13% used [0x0000000701c00000,0x0000000702dcc6d0,0x0000000709c00000)
 Metaspace       used 16053K, capacity 16286K, committed 16640K, reserved 1062912K
  class space    used 2130K, capacity 2226K, committed 2304K, reserved 1048576K
}
Event: 5.428 GC heap before
{Heap before GC invocations=2 (full 0):
 PSYoungGen      total 57344K, used 54741K [0x0000000780980000, 0x0000000784980000, 0x00000007c0000000)
  eden space 49152K, 100% used [0x0000000780980000,0x0000000783980000,0x0000000783980000)
  from space 8192K, 68% used [0x0000000783980000,0x0000000783ef57d0,0x0000000784180000)
  to   space 8192K, 0% used [0x0000000784180000,0x0000000784180000,0x0000000784980000)
 ParOldGen       total 131072K, used 18225K [0x0000000701c00000, 0x0000000709c00000, 0x0000000780980000)
  object space 131072K, 13% used [0x0000000701c00000,0x0000000702dcc6d0,0x0000000709c00000)
 Metaspace       used 20426K, capacity 20770K, committed 20992K, reserved 1067008K
  class space    used 2699K, capacity 2783K, committed 2816K, reserved 1048576K
Event: 5.436 GC heap after
Heap after GC invocations=2 (full 0):
 PSYoungGen      total 57344K, used 6867K [0x0000000780980000, 0x0000000784980000, 0x00000007c0000000)
  eden space 49152K, 0% used [0x0000000780980000,0x0000000780980000,0x0000000783980000)
  from space 8192K, 83% used [0x0000000784180000,0x0000000784834db8,0x0000000784980000)
  to   space 8192K, 0% used [0x0000000783980000,0x0000000783980000,0x0000000784180000)
 ParOldGen       total 131072K, used 18361K [0x0000000701c00000, 0x0000000709c00000, 0x0000000780980000)
  object space 131072K, 14% used [0x0000000701c00000,0x0000000702dee6f0,0x0000000709c00000)
 Metaspace       used 20426K, capacity 20770K, committed 20992K, reserved 1067008K
  class space    used 2699K, capacity 2783K, committed 2816K, reserved 1048576K
}
Event: 5.452 GC heap before
{Heap before GC invocations=3 (full 0):
 PSYoungGen      total 57344K, used 9772K [0x0000000780980000, 0x0000000784980000, 0x00000007c0000000)
  eden space 49152K, 5% used [0x0000000780980000,0x0000000780c56538,0x0000000783980000)
  from space 8192K, 83% used [0x0000000784180000,0x0000000784834db8,0x0000000784980000)
  to   space 8192K, 0% used [0x0000000783980000,0x0000000783980000,0x0000000784180000)
 ParOldGen       total 131072K, used 18361K [0x0000000701c00000, 0x0000000709c00000, 0x0000000780980000)
  object space 131072K, 14% used [0x0000000701c00000,0x0000000702dee6f0,0x0000000709c00000)
 Metaspace       used 20779K, capacity 21058K, committed 21248K, reserved 1067008K
  class space    used 2737K, capacity 2815K, committed 2816K, reserved 1048576K
Event: 5.459 GC heap after
Heap after GC invocations=3 (full 0):
 PSYoungGen      total 57344K, used 6928K [0x0000000780980000, 0x0000000787980000, 0x00000007c0000000)
  eden space 49152K, 0% used [0x0000000780980000,0x0000000780980000,0x0000000783980000)
  from space 8192K, 84% used [0x0000000783980000,0x00000007840440a8,0x0000000784180000)
  to   space 8192K, 0% used [0x0000000787180000,0x0000000787180000,0x0000000787980000)
 ParOldGen       total 131072K, used 18369K [0x0000000701c00000, 0x0000000709c00000, 0x0000000780980000)
  object space 131072K, 14% used [0x0000000701c00000,0x0000000702df06f0,0x0000000709c00000)
 Metaspace       used 20779K, capacity 21058K, committed 21248K, reserved 1067008K
  class space    used 2737K, capacity 2815K, committed 2816K, reserved 1048576K
}
Event: 5.459 GC heap before
{Heap before GC invocations=4 (full 1):
 PSYoungGen      total 57344K, used 6928K [0x0000000780980000, 0x0000000787980000, 0x00000007c0000000)
  eden space 49152K, 0% used [0x0000000780980000,0x0000000780980000,0x0000000783980000)
  from space 8192K, 84% used [0x0000000783980000,0x00000007840440a8,0x0000000784180000)
  to   space 8192K, 0% used [0x0000000787180000,0x0000000787180000,0x0000000787980000)
 ParOldGen       total 131072K, used 18369K [0x0000000701c00000, 0x0000000709c00000, 0x0000000780980000)
  object space 131072K, 14% used [0x0000000701c00000,0x0000000702df06f0,0x0000000709c00000)
 Metaspace       used 20779K, capacity 21058K, committed 21248K, reserved 1067008K
  class space    used 2737K, capacity 2815K, committed 2816K, reserved 1048576K
Event: 5.497 GC heap after
Heap after GC invocations=4 (full 1):
 PSYoungGen      total 57344K, used 0K [0x0000000780980000, 0x0000000787980000, 0x00000007c0000000)
  eden space 49152K, 0% used [0x0000000780980000,0x0000000780980000,0x0000000783980000)
  from space 8192K, 0% used [0x0000000783980000,0x0000000783980000,0x0000000784180000)
  to   space 8192K, 0% used [0x0000000787180000,0x0000000787180000,0x0000000787980000)
 ParOldGen       total 89600K, used 15392K [0x0000000701c00000, 0x0000000707380000, 0x0000000780980000)
  object space 89600K, 17% used [0x0000000701c00000,0x0000000702b08380,0x0000000707380000)
 Metaspace       used 20779K, capacity 21058K, committed 21248K, reserved 1067008K
  class space    used 2737K, capacity 2815K, committed 2816K, reserved 1048576K
}
Event: 6.798 GC heap before
{Heap before GC invocations=5 (full 1):
 PSYoungGen      total 57344K, used 49152K [0x0000000780980000, 0x0000000787980000, 0x00000007c0000000)
  eden space 49152K, 100% used [0x0000000780980000,0x0000000783980000,0x0000000783980000)
  from space 8192K, 0% used [0x0000000783980000,0x0000000783980000,0x0000000784180000)
  to   space 8192K, 0% used [0x0000000787180000,0x0000000787180000,0x0000000787980000)
 ParOldGen       total 89600K, used 15392K [0x0000000701c00000, 0x0000000707380000, 0x0000000780980000)
  object space 89600K, 17% used [0x0000000701c00000,0x0000000702b08380,0x0000000707380000)
 Metaspace       used 23308K, capacity 23730K, committed 23936K, reserved 1071104K
  class space    used 2961K, capacity 3076K, committed 3200K, reserved 1048576K
Event: 6.806 GC heap after
Heap after GC invocations=5 (full 1):
 PSYoungGen      total 99840K, used 5376K [0x0000000780980000, 0x0000000787700000, 0x00000007c0000000)
  eden space 94208K, 0% used [0x0000000780980000,0x0000000780980000,0x0000000786580000)
  from space 5632K, 95% used [0x0000000787180000,0x00000007876c0000,0x0000000787700000)
  to   space 8192K, 0% used [0x0000000786700000,0x0000000786700000,0x0000000786f00000)
 ParOldGen       total 89600K, used 15400K [0x0000000701c00000, 0x0000000707380000, 0x0000000780980000)
  object space 89600K, 17% used [0x0000000701c00000,0x0000000702b0a380,0x0000000707380000)
 Metaspace       used 23308K, capacity 23730K, committed 23936K, reserved 1071104K
  class space    used 2961K, capacity 3076K, committed 3200K, reserved 1048576K
}

