# JRE version: Java(TM) SE Runtime Environment (8.0_131-b11) (build 1.8.0_131-b11)
# Java VM: Java HotSpot(TM) 64-Bit Server VM (25.131-b11 mixed mode windows-amd64 compressed oops)
Heap:
 PSYoungGen      total 57344K, used 32143K [0x0000000780980000, 0x0000000787980000, 0x00000007c0000000)
  eden space 49152K, 65% used [0x0000000780980000,0x00000007828e3e10,0x0000000783980000)
  from space 8192K, 0% used [0x0000000783980000,0x0000000783980000,0x0000000784180000)
  to   space 8192K, 0% used [0x0000000787180000,0x0000000787180000,0x0000000787980000)
 ParOldGen       total 98816K, used 15471K [0x0000000701c00000, 0x0000000707c80000, 0x0000000780980000)
  object space 98816K, 15% used [0x0000000701c00000,0x0000000702b1bdf8,0x0000000707c80000)
 Metaspace       used 24780K, capacity 25278K, committed 25344K, reserved 1071104K
  class space    used 3142K, capacity 3270K, committed 3328K, reserved 1048576K
GC Heap History (8 events):
Event: 5.699 GC heap before
{Heap before GC invocations=1 (full 0):
 PSYoungGen      total 57344K, used 49152K [0x0000000780980000, 0x0000000784980000, 0x00000007c0000000)
  eden space 49152K, 100% used [0x0000000780980000,0x0000000783980000,0x0000000783980000)
  from space 8192K, 0% used [0x0000000784180000,0x0000000784180000,0x0000000784980000)
  to   space 8192K, 0% used [0x0000000783980000,0x0000000783980000,0x0000000784180000)
 ParOldGen       total 131072K, used 0K [0x0000000701c00000, 0x0000000709c00000, 0x0000000780980000)
  object space 131072K, 0% used [0x0000000701c00000,0x0000000701c00000,0x0000000709c00000)
 Metaspace       used 15803K, capacity 16030K, committed 16256K, reserved 1062912K
  class space    used 2085K, capacity 2162K, committed 2176K, reserved 1048576K
Event: 5.740 GC heap after
Heap after GC invocations=1 (full 0):
 PSYoungGen      total 57344K, used 8161K [0x0000000780980000, 0x0000000784980000, 0x00000007c0000000)
  eden space 49152K, 0% used [0x0000000780980000,0x0000000780980000,0x0000000783980000)
  from space 8192K, 99% used [0x0000000783980000,0x0000000784178700,0x0000000784180000)
  to   space 8192K, 0% used [0x0000000784180000,0x0000000784180000,0x0000000784980000)
 ParOldGen       total 131072K, used 22724K [0x0000000701c00000, 0x0000000709c00000, 0x0000000780980000)
  object space 131072K, 17% used [0x0000000701c00000,0x0000000703231040,0x0000000709c00000)
 Metaspace       used 15803K, capacity 16030K, committed 16256K, reserved 1062912K
  class space    used 2085K, capacity 2162K, committed 2176K, reserved 1048576K
}
Event: 8.967 GC heap before
{Heap before GC invocations=2 (full 0):
 PSYoungGen      total 57344K, used 57313K [0x0000000780980000, 0x0000000784980000, 0x00000007c0000000)
  eden space 49152K, 100% used [0x0000000780980000,0x0000000783980000,0x0000000783980000)
  from space 8192K, 99% used [0x0000000783980000,0x0000000784178700,0x0000000784180000)
  to   space 8192K, 0% used [0x0000000784180000,0x0000000784180000,0x0000000784980000)
 ParOldGen       total 131072K, used 22724K [0x0000000701c00000, 0x0000000709c00000, 0x0000000780980000)
  object space 131072K, 17% used [0x0000000701c00000,0x0000000703231040,0x0000000709c00000)
 Metaspace       used 20022K, capacity 20272K, committed 20480K, reserved 1067008K
  class space    used 2650K, capacity 2749K, committed 2816K, reserved 1048576K
Event: 8.974 GC heap after
Heap after GC invocations=2 (full 0):
 PSYoungGen      total 57344K, used 8172K [0x0000000780980000, 0x0000000784980000, 0x00000007c0000000)
  eden space 49152K, 0% used [0x0000000780980000,0x0000000780980000,0x0000000783980000)
  from space 8192K, 99% used [0x0000000784180000,0x000000078497b230,0x0000000784980000)
  to   space 8192K, 0% used [0x0000000783980000,0x0000000783980000,0x0000000784180000)
 ParOldGen       total 131072K, used 25135K [0x0000000701c00000, 0x0000000709c00000, 0x0000000780980000)
  object space 131072K, 19% used [0x0000000701c00000,0x000000070348bc00,0x0000000709c00000)
 Metaspace       used 20022K, capacity 20272K, committed 20480K, reserved 1067008K
  class space    used 2650K, capacity 2749K, committed 2816K, reserved 1048576K
}
Event: 9.030 GC heap before
{Heap before GC invocations=3 (full 0):
 PSYoungGen      total 57344K, used 12973K [0x0000000780980000, 0x0000000784980000, 0x00000007c0000000)
  eden space 49152K, 9% used [0x0000000780980000,0x0000000780e30478,0x0000000783980000)
  from space 8192K, 99% used [0x0000000784180000,0x000000078497b230,0x0000000784980000)
  to   space 8192K, 0% used [0x0000000783980000,0x0000000783980000,0x0000000784180000)
 ParOldGen       total 131072K, used 25135K [0x0000000701c00000, 0x0000000709c00000, 0x0000000780980000)
  object space 131072K, 19% used [0x0000000701c00000,0x000000070348bc00,0x0000000709c00000)
 Metaspace       used 20840K, capacity 21122K, committed 21248K, reserved 1067008K
  class space    used 2734K, capacity 2815K, committed 2816K, reserved 1048576K
Event: 9.035 GC heap after
Heap after GC invocations=3 (full 0):
 PSYoungGen      total 57344K, used 8176K [0x0000000780980000, 0x0000000787980000, 0x00000007c0000000)
  eden space 49152K, 0% used [0x0000000780980000,0x0000000780980000,0x0000000783980000)
  from space 8192K, 99% used [0x0000000783980000,0x000000078417c3d0,0x0000000784180000)
  to   space 8192K, 0% used [0x0000000787180000,0x0000000787180000,0x0000000787980000)
 ParOldGen       total 131072K, used 25391K [0x0000000701c00000, 0x0000000709c00000, 0x0000000780980000)
  object space 131072K, 19% used [0x0000000701c00000,0x00000007034cbc20,0x0000000709c00000)
 Metaspace       used 20840K, capacity 21122K, committed 21248K, reserved 1067008K
  class space    used 2734K, capacity 2815K, committed 2816K, reserved 1048576K
}
Event: 9.035 GC heap before
{Heap before GC invocations=4 (full 1):
 PSYoungGen      total 57344K, used 8176K [0x0000000780980000, 0x0000000787980000, 0x00000007c0000000)
  eden space 49152K, 0% used [0x0000000780980000,0x0000000780980000,0x0000000783980000)
  from space 8192K, 99% used [0x0000000783980000,0x000000078417c3d0,0x0000000784180000)
  to   space 8192K, 0% used [0x0000000787180000,0x0000000787180000,0x0000000787980000)
 ParOldGen       total 131072K, used 25391K [0x0000000701c00000, 0x0000000709c00000, 0x0000000780980000)
  object space 131072K, 19% used [0x0000000701c00000,0x00000007034cbc20,0x0000000709c00000)
 Metaspace       used 20840K, capacity 21122K, committed 21248K, reserved 1067008K
  class space    used 2734K, capacity 2815K, committed 2816K, reserved 1048576K
Event: 9.075 GC heap after
Heap after GC invocations=4 (full 1):
 PSYoungGen      total 57344K, used 0K [0x0000000780980000, 0x0000000787980000, 0x00000007c0000000)
  eden space 49152K, 0% used [0x0000000780980000,0x0000000780980000,0x0000000783980000)
  from space 8192K, 0% used [0x0000000783980000,0x0000000783980000,0x0000000784180000)
  to   space 8192K, 0% used [0x0000000787180000,0x0000000787180000,0x0000000787980000)
 ParOldGen       total 98816K, used 15471K [0x0000000701c00000, 0x0000000707c80000, 0x0000000780980000)
  object space 98816K, 15% used [0x0000000701c00000,0x0000000702b1bdf8,0x0000000707c80000)
 Metaspace       used 20840K, capacity 21122K, committed 21248K, reserved 1067008K
  class space    used 2734K, capacity 2815K, committed 2816K, reserved 1048576K
}

