# JRE version: Java(TM) SE Runtime Environment (8.0_131-b11) (build 1.8.0_131-b11)
# Java VM: Java HotSpot(TM) 64-Bit Server VM (25.131-b11 mixed mode windows-amd64 compressed oops)
Heap:
 PSYoungGen      total 92672K, used 38727K [0x0000000780980000, 0x0000000787700000, 0x00000007c0000000)
  eden space 87040K, 38% used [0x0000000780980000,0x00000007829f1e90,0x0000000785e80000)
  from space 5632K, 97% used [0x0000000787180000,0x00000007876e0000,0x0000000787700000)
  to   space 8192K, 0% used [0x0000000786700000,0x0000000786700000,0x0000000786f00000)
 ParOldGen       total 91136K, used 15400K [0x0000000701c00000, 0x0000000707500000, 0x0000000780980000)
  object space 91136K, 16% used [0x0000000701c00000,0x0000000702b0a230,0x0000000707500000)
 Metaspace       used 25100K, capacity 25574K, committed 25856K, reserved 1071104K
  class space    used 3131K, capacity 3238K, committed 3328K, reserved 1048576K
GC Heap History (10 events):
Event: 6.046 GC heap before
{Heap before GC invocations=1 (full 0):
 PSYoungGen      total 57344K, used 49152K [0x0000000780980000, 0x0000000784980000, 0x00000007c0000000)
  eden space 49152K, 100% used [0x0000000780980000,0x0000000783980000,0x0000000783980000)
  from space 8192K, 0% used [0x0000000784180000,0x0000000784180000,0x0000000784980000)
  to   space 8192K, 0% used [0x0000000783980000,0x0000000783980000,0x0000000784180000)
 ParOldGen       total 131072K, used 0K [0x0000000701c00000, 0x0000000709c00000, 0x0000000780980000)
  object space 131072K, 0% used [0x0000000701c00000,0x0000000701c00000,0x0000000709c00000)
 Metaspace       used 15782K, capacity 16030K, committed 16256K, reserved 1062912K
  class space    used 2081K, capacity 2162K, committed 2176K, reserved 1048576K
Event: 6.057 GC heap after
Heap after GC invocations=1 (full 0):
 PSYoungGen      total 57344K, used 8190K [0x0000000780980000, 0x0000000784980000, 0x00000007c0000000)
  eden space 49152K, 0% used [0x0000000780980000,0x0000000780980000,0x0000000783980000)
  from space 8192K, 99% used [0x0000000783980000,0x000000078417fbb8,0x0000000784180000)
  to   space 8192K, 0% used [0x0000000784180000,0x0000000784180000,0x0000000784980000)
 ParOldGen       total 131072K, used 12969K [0x0000000701c00000, 0x0000000709c00000, 0x0000000780980000)
  object space 131072K, 9% used [0x0000000701c00000,0x00000007028aa5f0,0x0000000709c00000)
 Metaspace       used 15782K, capacity 16030K, committed 16256K, reserved 1062912K
  class space    used 2081K, capacity 2162K, committed 2176K, reserved 1048576K
}
Event: 8.478 GC heap before
{Heap before GC invocations=2 (full 0):
 PSYoungGen      total 57344K, used 57342K [0x0000000780980000, 0x0000000784980000, 0x00000007c0000000)
  eden space 49152K, 100% used [0x0000000780980000,0x0000000783980000,0x0000000783980000)
  from space 8192K, 99% used [0x0000000783980000,0x000000078417fbb8,0x0000000784180000)
  to   space 8192K, 0% used [0x0000000784180000,0x0000000784180000,0x0000000784980000)
 ParOldGen       total 131072K, used 12969K [0x0000000701c00000, 0x0000000709c00000, 0x0000000780980000)
  object space 131072K, 9% used [0x0000000701c00000,0x00000007028aa5f0,0x0000000709c00000)
 Metaspace       used 19171K, capacity 19408K, committed 19840K, reserved 1067008K
  class space    used 2507K, capacity 2589K, committed 2688K, reserved 1048576K
Event: 8.485 GC heap after
Heap after GC invocations=2 (full 0):
 PSYoungGen      total 57344K, used 8186K [0x0000000780980000, 0x0000000784980000, 0x00000007c0000000)
  eden space 49152K, 0% used [0x0000000780980000,0x0000000780980000,0x0000000783980000)
  from space 8192K, 99% used [0x0000000784180000,0x000000078497ead8,0x0000000784980000)
  to   space 8192K, 0% used [0x0000000783980000,0x0000000783980000,0x0000000784180000)
 ParOldGen       total 131072K, used 18717K [0x0000000701c00000, 0x0000000709c00000, 0x0000000780980000)
  object space 131072K, 14% used [0x0000000701c00000,0x0000000702e47588,0x0000000709c00000)
 Metaspace       used 19171K, capacity 19408K, committed 19840K, reserved 1067008K
  class space    used 2507K, capacity 2589K, committed 2688K, reserved 1048576K
}
Event: 8.589 GC heap before
{Heap before GC invocations=3 (full 0):
 PSYoungGen      total 57344K, used 15369K [0x0000000780980000, 0x0000000784980000, 0x00000007c0000000)
  eden space 49152K, 14% used [0x0000000780980000,0x0000000781083bb8,0x0000000783980000)
  from space 8192K, 99% used [0x0000000784180000,0x000000078497ead8,0x0000000784980000)
  to   space 8192K, 0% used [0x0000000783980000,0x0000000783980000,0x0000000784180000)
 ParOldGen       total 131072K, used 18717K [0x0000000701c00000, 0x0000000709c00000, 0x0000000780980000)
  object space 131072K, 14% used [0x0000000701c00000,0x0000000702e47588,0x0000000709c00000)
 Metaspace       used 20842K, capacity 21122K, committed 21248K, reserved 1067008K
  class space    used 2737K, capacity 2815K, committed 2816K, reserved 1048576K
Event: 8.595 GC heap after
Heap after GC invocations=3 (full 0):
 PSYoungGen      total 57344K, used 8180K [0x0000000780980000, 0x0000000787980000, 0x00000007c0000000)
  eden space 49152K, 0% used [0x0000000780980000,0x0000000780980000,0x0000000783980000)
  from space 8192K, 99% used [0x0000000783980000,0x000000078417d158,0x0000000784180000)
  to   space 8192K, 0% used [0x0000000787180000,0x0000000787180000,0x0000000787980000)
 ParOldGen       total 131072K, used 18781K [0x0000000701c00000, 0x0000000709c00000, 0x0000000780980000)
  object space 131072K, 14% used [0x0000000701c00000,0x0000000702e575a8,0x0000000709c00000)
 Metaspace       used 20842K, capacity 21122K, committed 21248K, reserved 1067008K
  class space    used 2737K, capacity 2815K, committed 2816K, reserved 1048576K
}
Event: 8.595 GC heap before
{Heap before GC invocations=4 (full 1):
 PSYoungGen      total 57344K, used 8180K [0x0000000780980000, 0x0000000787980000, 0x00000007c0000000)
  eden space 49152K, 0% used [0x0000000780980000,0x0000000780980000,0x0000000783980000)
  from space 8192K, 99% used [0x0000000783980000,0x000000078417d158,0x0000000784180000)
  to   space 8192K, 0% used [0x0000000787180000,0x0000000787180000,0x0000000787980000)
 ParOldGen       total 131072K, used 18781K [0x0000000701c00000, 0x0000000709c00000, 0x0000000780980000)
  object space 131072K, 14% used [0x0000000701c00000,0x0000000702e575a8,0x0000000709c00000)
 Metaspace       used 20842K, capacity 21122K, committed 21248K, reserved 1067008K
  class space    used 2737K, capacity 2815K, committed 2816K, reserved 1048576K
Event: 8.629 GC heap after
Heap after GC invocations=4 (full 1):
 PSYoungGen      total 57344K, used 0K [0x0000000780980000, 0x0000000787980000, 0x00000007c0000000)
  eden space 49152K, 0% used [0x0000000780980000,0x0000000780980000,0x0000000783980000)
  from space 8192K, 0% used [0x0000000783980000,0x0000000783980000,0x0000000784180000)
  to   space 8192K, 0% used [0x0000000787180000,0x0000000787180000,0x0000000787980000)
 ParOldGen       total 91136K, used 15392K [0x0000000701c00000, 0x0000000707500000, 0x0000000780980000)
  object space 91136K, 16% used [0x0000000701c00000,0x0000000702b08230,0x0000000707500000)
 Metaspace       used 20842K, capacity 21122K, committed 21248K, reserved 1067008K
  class space    used 2737K, capacity 2815K, committed 2816K, reserved 1048576K
}
Event: 9.968 GC heap before
{Heap before GC invocations=5 (full 1):
 PSYoungGen      total 57344K, used 49152K [0x0000000780980000, 0x0000000787980000, 0x00000007c0000000)
  eden space 49152K, 100% used [0x0000000780980000,0x0000000783980000,0x0000000783980000)
  from space 8192K, 0% used [0x0000000783980000,0x0000000783980000,0x0000000784180000)
  to   space 8192K, 0% used [0x0000000787180000,0x0000000787180000,0x0000000787980000)
 ParOldGen       total 91136K, used 15392K [0x0000000701c00000, 0x0000000707500000, 0x0000000780980000)
  object space 91136K, 16% used [0x0000000701c00000,0x0000000702b08230,0x0000000707500000)
 Metaspace       used 23366K, capacity 23794K, committed 23936K, reserved 1071104K
  class space    used 2961K, capacity 3076K, committed 3200K, reserved 1048576K
Event: 9.975 GC heap after
Heap after GC invocations=5 (full 1):
 PSYoungGen      total 92672K, used 5504K [0x0000000780980000, 0x0000000787700000, 0x00000007c0000000)
  eden space 87040K, 0% used [0x0000000780980000,0x0000000780980000,0x0000000785e80000)
  from space 5632K, 97% used [0x0000000787180000,0x00000007876e0000,0x0000000787700000)
  to   space 8192K, 0% used [0x0000000786700000,0x0000000786700000,0x0000000786f00000)
 ParOldGen       total 91136K, used 15400K [0x0000000701c00000, 0x0000000707500000, 0x0000000780980000)
  object space 91136K, 16% used [0x0000000701c00000,0x0000000702b0a230,0x0000000707500000)
 Metaspace       used 23366K, capacity 23794K, committed 23936K, reserved 1071104K
  class space    used 2961K, capacity 3076K, committed 3200K, reserved 1048576K
}

