# JRE version: Java(TM) SE Runtime Environment (8.0_131-b11) (build 1.8.0_131-b11)
# Java VM: Java HotSpot(TM) 64-Bit Server VM (25.131-b11 mixed mode windows-amd64 compressed oops)
Heap:
 PSYoungGen      total 57344K, used 48678K [0x0000000780980000, 0x0000000787980000, 0x00000007c0000000)
  eden space 49152K, 99% used [0x0000000780980000,0x0000000783909a60,0x0000000783980000)
  from space 8192K, 0% used [0x0000000783980000,0x0000000783980000,0x0000000784180000)
  to   space 8192K, 0% used [0x0000000787180000,0x0000000787180000,0x0000000787980000)
 ParOldGen       total 92672K, used 15759K [0x0000000701c00000, 0x0000000707680000, 0x0000000780980000)
  object space 92672K, 17% used [0x0000000701c00000,0x0000000702b63c58,0x0000000707680000)
 Metaspace       used 24961K, capacity 25414K, committed 25600K, reserved 1071104K
  class space    used 3144K, capacity 3270K, committed 3328K, reserved 1048576K
GC Heap History (8 events):
Event: 3.015 GC heap before
{Heap before GC invocations=1 (full 0):
 PSYoungGen      total 57344K, used 49152K [0x0000000780980000, 0x0000000784980000, 0x00000007c0000000)
  eden space 49152K, 100% used [0x0000000780980000,0x0000000783980000,0x0000000783980000)
  from space 8192K, 0% used [0x0000000784180000,0x0000000784180000,0x0000000784980000)
  to   space 8192K, 0% used [0x0000000783980000,0x0000000783980000,0x0000000784180000)
 ParOldGen       total 131072K, used 0K [0x0000000701c00000, 0x0000000709c00000, 0x0000000780980000)
  object space 131072K, 0% used [0x0000000701c00000,0x0000000701c00000,0x0000000709c00000)
 Metaspace       used 15847K, capacity 16126K, committed 16384K, reserved 1062912K
  class space    used 2100K, capacity 2194K, committed 2304K, reserved 1048576K
Event: 3.028 GC heap after
Heap after GC invocations=1 (full 0):
 PSYoungGen      total 57344K, used 8166K [0x0000000780980000, 0x0000000784980000, 0x00000007c0000000)
  eden space 49152K, 0% used [0x0000000780980000,0x0000000780980000,0x0000000783980000)
  from space 8192K, 99% used [0x0000000783980000,0x0000000784179ba8,0x0000000784180000)
  to   space 8192K, 0% used [0x0000000784180000,0x0000000784180000,0x0000000784980000)
 ParOldGen       total 131072K, used 13314K [0x0000000701c00000, 0x0000000709c00000, 0x0000000780980000)
  object space 131072K, 10% used [0x0000000701c00000,0x0000000702900ac8,0x0000000709c00000)
 Metaspace       used 15847K, capacity 16126K, committed 16384K, reserved 1062912K
  class space    used 2100K, capacity 2194K, committed 2304K, reserved 1048576K
}
Event: 7.237 GC heap before
{Heap before GC invocations=2 (full 0):
 PSYoungGen      total 57344K, used 57318K [0x0000000780980000, 0x0000000784980000, 0x00000007c0000000)
  eden space 49152K, 100% used [0x0000000780980000,0x0000000783980000,0x0000000783980000)
  from space 8192K, 99% used [0x0000000783980000,0x0000000784179ba8,0x0000000784180000)
  to   space 8192K, 0% used [0x0000000784180000,0x0000000784180000,0x0000000784980000)
 ParOldGen       total 131072K, used 13314K [0x0000000701c00000, 0x0000000709c00000, 0x0000000780980000)
  object space 131072K, 10% used [0x0000000701c00000,0x0000000702900ac8,0x0000000709c00000)
 Metaspace       used 19565K, capacity 19824K, committed 20096K, reserved 1067008K
  class space    used 2533K, capacity 2621K, committed 2688K, reserved 1048576K
Event: 7.245 GC heap after
Heap after GC invocations=2 (full 0):
 PSYoungGen      total 57344K, used 8174K [0x0000000780980000, 0x0000000784980000, 0x00000007c0000000)
  eden space 49152K, 0% used [0x0000000780980000,0x0000000780980000,0x0000000783980000)
  from space 8192K, 99% used [0x0000000784180000,0x000000078497bbb0,0x0000000784980000)
  to   space 8192K, 0% used [0x0000000783980000,0x0000000783980000,0x0000000784180000)
 ParOldGen       total 131072K, used 15824K [0x0000000701c00000, 0x0000000709c00000, 0x0000000780980000)
  object space 131072K, 12% used [0x0000000701c00000,0x0000000702b74300,0x0000000709c00000)
 Metaspace       used 19565K, capacity 19824K, committed 20096K, reserved 1067008K
  class space    used 2533K, capacity 2621K, committed 2688K, reserved 1048576K
}
Event: 7.347 GC heap before
{Heap before GC invocations=3 (full 0):
 PSYoungGen      total 57344K, used 14946K [0x0000000780980000, 0x0000000784980000, 0x00000007c0000000)
  eden space 49152K, 13% used [0x0000000780980000,0x000000078101ce60,0x0000000783980000)
  from space 8192K, 99% used [0x0000000784180000,0x000000078497bbb0,0x0000000784980000)
  to   space 8192K, 0% used [0x0000000783980000,0x0000000783980000,0x0000000784180000)
 ParOldGen       total 131072K, used 15824K [0x0000000701c00000, 0x0000000709c00000, 0x0000000780980000)
  object space 131072K, 12% used [0x0000000701c00000,0x0000000702b74300,0x0000000709c00000)
 Metaspace       used 20837K, capacity 21122K, committed 21248K, reserved 1067008K
  class space    used 2732K, capacity 2815K, committed 2816K, reserved 1048576K
Event: 7.352 GC heap after
Heap after GC invocations=3 (full 0):
 PSYoungGen      total 57344K, used 8190K [0x0000000780980000, 0x0000000787980000, 0x00000007c0000000)
  eden space 49152K, 0% used [0x0000000780980000,0x0000000780980000,0x0000000783980000)
  from space 8192K, 99% used [0x0000000783980000,0x000000078417fbe0,0x0000000784180000)
  to   space 8192K, 0% used [0x0000000787180000,0x0000000787180000,0x0000000787980000)
 ParOldGen       total 131072K, used 16088K [0x0000000701c00000, 0x0000000709c00000, 0x0000000780980000)
  object space 131072K, 12% used [0x0000000701c00000,0x0000000702bb62d0,0x0000000709c00000)
 Metaspace       used 20837K, capacity 21122K, committed 21248K, reserved 1067008K
  class space    used 2732K, capacity 2815K, committed 2816K, reserved 1048576K
}
Event: 7.352 GC heap before
{Heap before GC invocations=4 (full 1):
 PSYoungGen      total 57344K, used 8190K [0x0000000780980000, 0x0000000787980000, 0x00000007c0000000)
  eden space 49152K, 0% used [0x0000000780980000,0x0000000780980000,0x0000000783980000)
  from space 8192K, 99% used [0x0000000783980000,0x000000078417fbe0,0x0000000784180000)
  to   space 8192K, 0% used [0x0000000787180000,0x0000000787180000,0x0000000787980000)
 ParOldGen       total 131072K, used 16088K [0x0000000701c00000, 0x0000000709c00000, 0x0000000780980000)
  object space 131072K, 12% used [0x0000000701c00000,0x0000000702bb62d0,0x0000000709c00000)
 Metaspace       used 20837K, capacity 21122K, committed 21248K, reserved 1067008K
  class space    used 2732K, capacity 2815K, committed 2816K, reserved 1048576K
Event: 7.390 GC heap after
Heap after GC invocations=4 (full 1):
 PSYoungGen      total 57344K, used 0K [0x0000000780980000, 0x0000000787980000, 0x00000007c0000000)
  eden space 49152K, 0% used [0x0000000780980000,0x0000000780980000,0x0000000783980000)
  from space 8192K, 0% used [0x0000000783980000,0x0000000783980000,0x0000000784180000)
  to   space 8192K, 0% used [0x0000000787180000,0x0000000787180000,0x0000000787980000)
 ParOldGen       total 92672K, used 15759K [0x0000000701c00000, 0x0000000707680000, 0x0000000780980000)
  object space 92672K, 17% used [0x0000000701c00000,0x0000000702b63c58,0x0000000707680000)
 Metaspace       used 20837K, capacity 21122K, committed 21248K, reserved 1067008K
  class space    used 2732K, capacity 2815K, committed 2816K, reserved 1048576K
}

