# JRE version: Java(TM) SE Runtime Environment (8.0_131-b11) (build 1.8.0_131-b11)
# Java VM: Java HotSpot(TM) 64-Bit Server VM (25.131-b11 mixed mode windows-amd64 compressed oops)
Heap:
 PSYoungGen      total 57344K, used 30641K [0x0000000780980000, 0x0000000784980000, 0x00000007c0000000)
  eden space 49152K, 62% used [0x0000000780980000,0x000000078276c448,0x0000000783980000)
  from space 8192K, 0% used [0x0000000784180000,0x0000000784180000,0x0000000784980000)
  to   space 8192K, 0% used [0x0000000783980000,0x0000000783980000,0x0000000784180000)
 ParOldGen       total 77824K, used 15744K [0x0000000701c00000, 0x0000000706800000, 0x0000000780980000)
  object space 77824K, 20% used [0x0000000701c00000,0x0000000702b60358,0x0000000706800000)
 Metaspace       used 24736K, capacity 25178K, committed 25344K, reserved 1071104K
  class space    used 3122K, capacity 3238K, committed 3328K, reserved 1048576K
GC Heap History (6 events):
Event: 5.869 GC heap before
{Heap before GC invocations=1 (full 0):
 PSYoungGen      total 57344K, used 49152K [0x0000000780980000, 0x0000000784980000, 0x00000007c0000000)
  eden space 49152K, 100% used [0x0000000780980000,0x0000000783980000,0x0000000783980000)
  from space 8192K, 0% used [0x0000000784180000,0x0000000784180000,0x0000000784980000)
  to   space 8192K, 0% used [0x0000000783980000,0x0000000783980000,0x0000000784180000)
 ParOldGen       total 131072K, used 0K [0x0000000701c00000, 0x0000000709c00000, 0x0000000780980000)
  object space 131072K, 0% used [0x0000000701c00000,0x0000000701c00000,0x0000000709c00000)
 Metaspace       used 16843K, capacity 17084K, committed 17280K, reserved 1064960K
  class space    used 2270K, capacity 2361K, committed 2432K, reserved 1048576K
Event: 5.888 GC heap after
Heap after GC invocations=1 (full 0):
 PSYoungGen      total 57344K, used 8174K [0x0000000780980000, 0x0000000784980000, 0x00000007c0000000)
  eden space 49152K, 0% used [0x0000000780980000,0x0000000780980000,0x0000000783980000)
  from space 8192K, 99% used [0x0000000783980000,0x000000078417bba8,0x0000000784180000)
  to   space 8192K, 0% used [0x0000000784180000,0x0000000784180000,0x0000000784980000)
 ParOldGen       total 131072K, used 6255K [0x0000000701c00000, 0x0000000709c00000, 0x0000000780980000)
  object space 131072K, 4% used [0x0000000701c00000,0x000000070221bc50,0x0000000709c00000)
 Metaspace       used 16843K, capacity 17084K, committed 17280K, reserved 1064960K
  class space    used 2270K, capacity 2361K, committed 2432K, reserved 1048576K
}
Event: 7.277 GC heap before
{Heap before GC invocations=2 (full 0):
 PSYoungGen      total 57344K, used 52016K [0x0000000780980000, 0x0000000784980000, 0x00000007c0000000)
  eden space 49152K, 89% used [0x0000000780980000,0x0000000783450568,0x0000000783980000)
  from space 8192K, 99% used [0x0000000783980000,0x000000078417bba8,0x0000000784180000)
  to   space 8192K, 0% used [0x0000000784180000,0x0000000784180000,0x0000000784980000)
 ParOldGen       total 131072K, used 6255K [0x0000000701c00000, 0x0000000709c00000, 0x0000000780980000)
  object space 131072K, 4% used [0x0000000701c00000,0x000000070221bc50,0x0000000709c00000)
 Metaspace       used 20749K, capacity 21054K, committed 21248K, reserved 1067008K
  class space    used 2712K, capacity 2815K, committed 2816K, reserved 1048576K
Event: 7.285 GC heap after
Heap after GC invocations=2 (full 0):
 PSYoungGen      total 57344K, used 8182K [0x0000000780980000, 0x0000000784980000, 0x00000007c0000000)
  eden space 49152K, 0% used [0x0000000780980000,0x0000000780980000,0x0000000783980000)
  from space 8192K, 99% used [0x0000000784180000,0x000000078497dbc8,0x0000000784980000)
  to   space 8192K, 0% used [0x0000000783980000,0x0000000783980000,0x0000000784180000)
 ParOldGen       total 131072K, used 17443K [0x0000000701c00000, 0x0000000709c00000, 0x0000000780980000)
  object space 131072K, 13% used [0x0000000701c00000,0x0000000702d08c50,0x0000000709c00000)
 Metaspace       used 20749K, capacity 21054K, committed 21248K, reserved 1067008K
  class space    used 2712K, capacity 2815K, committed 2816K, reserved 1048576K
}
Event: 7.285 GC heap before
{Heap before GC invocations=3 (full 1):
 PSYoungGen      total 57344K, used 8182K [0x0000000780980000, 0x0000000784980000, 0x00000007c0000000)
  eden space 49152K, 0% used [0x0000000780980000,0x0000000780980000,0x0000000783980000)
  from space 8192K, 99% used [0x0000000784180000,0x000000078497dbc8,0x0000000784980000)
  to   space 8192K, 0% used [0x0000000783980000,0x0000000783980000,0x0000000784180000)
 ParOldGen       total 131072K, used 17443K [0x0000000701c00000, 0x0000000709c00000, 0x0000000780980000)
  object space 131072K, 13% used [0x0000000701c00000,0x0000000702d08c50,0x0000000709c00000)
 Metaspace       used 20749K, capacity 21054K, committed 21248K, reserved 1067008K
  class space    used 2712K, capacity 2815K, committed 2816K, reserved 1048576K
Event: 7.317 GC heap after
Heap after GC invocations=3 (full 1):
 PSYoungGen      total 57344K, used 0K [0x0000000780980000, 0x0000000784980000, 0x00000007c0000000)
  eden space 49152K, 0% used [0x0000000780980000,0x0000000780980000,0x0000000783980000)
  from space 8192K, 0% used [0x0000000784180000,0x0000000784180000,0x0000000784980000)
  to   space 8192K, 0% used [0x0000000783980000,0x0000000783980000,0x0000000784180000)
 ParOldGen       total 77824K, used 15744K [0x0000000701c00000, 0x0000000706800000, 0x0000000780980000)
  object space 77824K, 20% used [0x0000000701c00000,0x0000000702b60358,0x0000000706800000)
 Metaspace       used 20749K, capacity 21054K, committed 21248K, reserved 1067008K
  class space    used 2712K, capacity 2815K, committed 2816K, reserved 1048576K
}

