# JRE version: Java(TM) SE Runtime Environment (8.0_131-b11) (build 1.8.0_131-b11)
# Java VM: Java HotSpot(TM) 64-Bit Server VM (25.131-b11 mixed mode windows-amd64 compressed oops)
Heap:
 PSYoungGen      total 105472K, used 89971K [0x0000000780980000, 0x0000000787980000, 0x00000007c0000000)
  eden space 97280K, 92% used [0x0000000780980000,0x000000078615cfb8,0x0000000786880000)
  from space 8192K, 0% used [0x0000000786880000,0x0000000786880000,0x0000000787080000)
  to   space 8192K, 0% used [0x0000000787180000,0x0000000787180000,0x0000000787980000)
 ParOldGen       total 93696K, used 15381K [0x0000000701c00000, 0x0000000707780000, 0x0000000780980000)
  object space 93696K, 16% used [0x0000000701c00000,0x0000000702b05420,0x0000000707780000)
 Metaspace       used 25366K, capacity 25798K, committed 26112K, reserved 1073152K
  class space    used 3154K, capacity 3270K, committed 3328K, reserved 1048576K
GC Heap History (8 events):
Event: 1.714 GC heap before
{Heap before GC invocations=1 (full 0):
 PSYoungGen      total 57344K, used 45791K [0x0000000780980000, 0x0000000784980000, 0x00000007c0000000)
  eden space 49152K, 93% used [0x0000000780980000,0x0000000783637f10,0x0000000783980000)
  from space 8192K, 0% used [0x0000000784180000,0x0000000784180000,0x0000000784980000)
  to   space 8192K, 0% used [0x0000000783980000,0x0000000783980000,0x0000000784180000)
 ParOldGen       total 131072K, used 0K [0x0000000701c00000, 0x0000000709c00000, 0x0000000780980000)
  object space 131072K, 0% used [0x0000000701c00000,0x0000000701c00000,0x0000000709c00000)
 Metaspace       used 15375K, capacity 15642K, committed 15744K, reserved 1062912K
  class space    used 2062K, capacity 2162K, committed 2176K, reserved 1048576K
Event: 1.739 GC heap after
Heap after GC invocations=1 (full 0):
 PSYoungGen      total 57344K, used 5148K [0x0000000780980000, 0x0000000787980000, 0x00000007c0000000)
  eden space 49152K, 0% used [0x0000000780980000,0x0000000780980000,0x0000000783980000)
  from space 8192K, 62% used [0x0000000783980000,0x0000000783e87220,0x0000000784180000)
  to   space 8192K, 0% used [0x0000000787180000,0x0000000787180000,0x0000000787980000)
 ParOldGen       total 131072K, used 14576K [0x0000000701c00000, 0x0000000709c00000, 0x0000000780980000)
  object space 131072K, 11% used [0x0000000701c00000,0x0000000702a3c328,0x0000000709c00000)
 Metaspace       used 15375K, capacity 15642K, committed 15744K, reserved 1062912K
  class space    used 2062K, capacity 2162K, committed 2176K, reserved 1048576K
}
Event: 5.316 GC heap before
{Heap before GC invocations=2 (full 0):
 PSYoungGen      total 57344K, used 54300K [0x0000000780980000, 0x0000000787980000, 0x00000007c0000000)
  eden space 49152K, 100% used [0x0000000780980000,0x0000000783980000,0x0000000783980000)
  from space 8192K, 62% used [0x0000000783980000,0x0000000783e87220,0x0000000784180000)
  to   space 8192K, 0% used [0x0000000787180000,0x0000000787180000,0x0000000787980000)
 ParOldGen       total 131072K, used 14576K [0x0000000701c00000, 0x0000000709c00000, 0x0000000780980000)
  object space 131072K, 11% used [0x0000000701c00000,0x0000000702a3c328,0x0000000709c00000)
 Metaspace       used 18907K, capacity 19192K, committed 19584K, reserved 1067008K
  class space    used 2495K, capacity 2589K, committed 2688K, reserved 1048576K
Event: 5.334 GC heap after
Heap after GC invocations=2 (full 0):
 PSYoungGen      total 56320K, used 6884K [0x0000000780980000, 0x0000000787880000, 0x00000007c0000000)
  eden space 49152K, 0% used [0x0000000780980000,0x0000000780980000,0x0000000783980000)
  from space 7168K, 96% used [0x0000000787180000,0x0000000787839218,0x0000000787880000)
  to   space 8192K, 0% used [0x0000000786880000,0x0000000786880000,0x0000000787080000)
 ParOldGen       total 131072K, used 25603K [0x0000000701c00000, 0x0000000709c00000, 0x0000000780980000)
  object space 131072K, 19% used [0x0000000701c00000,0x0000000703500e30,0x0000000709c00000)
 Metaspace       used 18907K, capacity 19192K, committed 19584K, reserved 1067008K
  class space    used 2495K, capacity 2589K, committed 2688K, reserved 1048576K
}
Event: 5.448 GC heap before
{Heap before GC invocations=3 (full 0):
 PSYoungGen      total 56320K, used 17090K [0x0000000780980000, 0x0000000787880000, 0x00000007c0000000)
  eden space 49152K, 20% used [0x0000000780980000,0x0000000781377788,0x0000000783980000)
  from space 7168K, 96% used [0x0000000787180000,0x0000000787839218,0x0000000787880000)
  to   space 8192K, 0% used [0x0000000786880000,0x0000000786880000,0x0000000787080000)
 ParOldGen       total 131072K, used 25603K [0x0000000701c00000, 0x0000000709c00000, 0x0000000780980000)
  object space 131072K, 19% used [0x0000000701c00000,0x0000000703500e30,0x0000000709c00000)
 Metaspace       used 20778K, capacity 21058K, committed 21248K, reserved 1067008K
  class space    used 2737K, capacity 2815K, committed 2816K, reserved 1048576K
Event: 5.455 GC heap after
Heap after GC invocations=3 (full 0):
 PSYoungGen      total 105472K, used 7077K [0x0000000780980000, 0x0000000787980000, 0x00000007c0000000)
  eden space 97280K, 0% used [0x0000000780980000,0x0000000780980000,0x0000000786880000)
  from space 8192K, 86% used [0x0000000786880000,0x0000000786f69498,0x0000000787080000)
  to   space 8192K, 0% used [0x0000000787180000,0x0000000787180000,0x0000000787980000)
 ParOldGen       total 131072K, used 25675K [0x0000000701c00000, 0x0000000709c00000, 0x0000000780980000)
  object space 131072K, 19% used [0x0000000701c00000,0x0000000703512e40,0x0000000709c00000)
 Metaspace       used 20778K, capacity 21058K, committed 21248K, reserved 1067008K
  class space    used 2737K, capacity 2815K, committed 2816K, reserved 1048576K
}
Event: 5.455 GC heap before
{Heap before GC invocations=4 (full 1):
 PSYoungGen      total 105472K, used 7077K [0x0000000780980000, 0x0000000787980000, 0x00000007c0000000)
  eden space 97280K, 0% used [0x0000000780980000,0x0000000780980000,0x0000000786880000)
  from space 8192K, 86% used [0x0000000786880000,0x0000000786f69498,0x0000000787080000)
  to   space 8192K, 0% used [0x0000000787180000,0x0000000787180000,0x0000000787980000)
 ParOldGen       total 131072K, used 25675K [0x0000000701c00000, 0x0000000709c00000, 0x0000000780980000)
  object space 131072K, 19% used [0x0000000701c00000,0x0000000703512e40,0x0000000709c00000)
 Metaspace       used 20778K, capacity 21058K, committed 21248K, reserved 1067008K
  class space    used 2737K, capacity 2815K, committed 2816K, reserved 1048576K
Event: 5.490 GC heap after
Heap after GC invocations=4 (full 1):
 PSYoungGen      total 105472K, used 0K [0x0000000780980000, 0x0000000787980000, 0x00000007c0000000)
  eden space 97280K, 0% used [0x0000000780980000,0x0000000780980000,0x0000000786880000)
  from space 8192K, 0% used [0x0000000786880000,0x0000000786880000,0x0000000787080000)
  to   space 8192K, 0% used [0x0000000787180000,0x0000000787180000,0x0000000787980000)
 ParOldGen       total 93696K, used 15381K [0x0000000701c00000, 0x0000000707780000, 0x0000000780980000)
  object space 93696K, 16% used [0x0000000701c00000,0x0000000702b05420,0x0000000707780000)
 Metaspace       used 20778K, capacity 21058K, committed 21248K, reserved 1067008K
  class space    used 2737K, capacity 2815K, committed 2816K, reserved 1048576K
}

