# JRE version: Java(TM) SE Runtime Environment (8.0_131-b11) (build 1.8.0_131-b11)
# Java VM: Java HotSpot(TM) 64-Bit Server VM (25.131-b11 mixed mode windows-amd64 compressed oops)
Heap:
 PSYoungGen      total 105472K, used 92876K [0x0000000780980000, 0x0000000787980000, 0x00000007c0000000)
  eden space 97280K, 95% used [0x0000000780980000,0x0000000786433380,0x0000000786880000)
  from space 8192K, 0% used [0x0000000786880000,0x0000000786880000,0x0000000787080000)
  to   space 8192K, 0% used [0x0000000787180000,0x0000000787180000,0x0000000787980000)
 ParOldGen       total 99840K, used 15690K [0x0000000701c00000, 0x0000000707d80000, 0x0000000780980000)
  object space 99840K, 15% used [0x0000000701c00000,0x0000000702b52b80,0x0000000707d80000)
 Metaspace       used 25356K, capacity 25766K, committed 25856K, reserved 1071104K
  class space    used 3153K, capacity 3238K, committed 3328K, reserved 1048576K
GC Heap History (8 events):
Event: 2.580 GC heap before
{Heap before GC invocations=1 (full 0):
 PSYoungGen      total 57344K, used 49152K [0x0000000780980000, 0x0000000784980000, 0x00000007c0000000)
  eden space 49152K, 100% used [0x0000000780980000,0x0000000783980000,0x0000000783980000)
  from space 8192K, 0% used [0x0000000784180000,0x0000000784180000,0x0000000784980000)
  to   space 8192K, 0% used [0x0000000783980000,0x0000000783980000,0x0000000784180000)
 ParOldGen       total 131072K, used 0K [0x0000000701c00000, 0x0000000709c00000, 0x0000000780980000)
  object space 131072K, 0% used [0x0000000701c00000,0x0000000701c00000,0x0000000709c00000)
 Metaspace       used 15779K, capacity 15998K, committed 16384K, reserved 1062912K
  class space    used 2100K, capacity 2194K, committed 2304K, reserved 1048576K
Event: 2.616 GC heap after
Heap after GC invocations=1 (full 0):
 PSYoungGen      total 57344K, used 5340K [0x0000000780980000, 0x0000000787980000, 0x00000007c0000000)
  eden space 49152K, 0% used [0x0000000780980000,0x0000000780980000,0x0000000783980000)
  from space 8192K, 65% used [0x0000000783980000,0x0000000783eb7220,0x0000000784180000)
  to   space 8192K, 0% used [0x0000000787180000,0x0000000787180000,0x0000000787980000)
 ParOldGen       total 131072K, used 20643K [0x0000000701c00000, 0x0000000709c00000, 0x0000000780980000)
  object space 131072K, 15% used [0x0000000701c00000,0x0000000703028f88,0x0000000709c00000)
 Metaspace       used 15779K, capacity 15998K, committed 16384K, reserved 1062912K
  class space    used 2100K, capacity 2194K, committed 2304K, reserved 1048576K
}
Event: 6.531 GC heap before
{Heap before GC invocations=2 (full 0):
 PSYoungGen      total 57344K, used 54492K [0x0000000780980000, 0x0000000787980000, 0x00000007c0000000)
  eden space 49152K, 100% used [0x0000000780980000,0x0000000783980000,0x0000000783980000)
  from space 8192K, 65% used [0x0000000783980000,0x0000000783eb7220,0x0000000784180000)
  to   space 8192K, 0% used [0x0000000787180000,0x0000000787180000,0x0000000787980000)
 ParOldGen       total 131072K, used 20643K [0x0000000701c00000, 0x0000000709c00000, 0x0000000780980000)
  object space 131072K, 15% used [0x0000000701c00000,0x0000000703028f88,0x0000000709c00000)
 Metaspace       used 18933K, capacity 19192K, committed 19584K, reserved 1067008K
  class space    used 2490K, capacity 2589K, committed 2688K, reserved 1048576K
Event: 6.542 GC heap after
Heap after GC invocations=2 (full 0):
 PSYoungGen      total 56320K, used 7061K [0x0000000780980000, 0x0000000787880000, 0x00000007c0000000)
  eden space 49152K, 0% used [0x0000000780980000,0x0000000780980000,0x0000000783980000)
  from space 7168K, 98% used [0x0000000787180000,0x0000000787865488,0x0000000787880000)
  to   space 8192K, 0% used [0x0000000786880000,0x0000000786880000,0x0000000787080000)
 ParOldGen       total 131072K, used 24502K [0x0000000701c00000, 0x0000000709c00000, 0x0000000780980000)
  object space 131072K, 18% used [0x0000000701c00000,0x00000007033ed820,0x0000000709c00000)
 Metaspace       used 18933K, capacity 19192K, committed 19584K, reserved 1067008K
  class space    used 2490K, capacity 2589K, committed 2688K, reserved 1048576K
}
Event: 6.659 GC heap before
{Heap before GC invocations=3 (full 0):
 PSYoungGen      total 56320K, used 20222K [0x0000000780980000, 0x0000000787880000, 0x00000007c0000000)
  eden space 49152K, 26% used [0x0000000780980000,0x000000078165a4c0,0x0000000783980000)
  from space 7168K, 98% used [0x0000000787180000,0x0000000787865488,0x0000000787880000)
  to   space 8192K, 0% used [0x0000000786880000,0x0000000786880000,0x0000000787080000)
 ParOldGen       total 131072K, used 24502K [0x0000000701c00000, 0x0000000709c00000, 0x0000000780980000)
  object space 131072K, 18% used [0x0000000701c00000,0x00000007033ed820,0x0000000709c00000)
 Metaspace       used 20840K, capacity 21122K, committed 21248K, reserved 1067008K
  class space    used 2735K, capacity 2815K, committed 2816K, reserved 1048576K
Event: 6.666 GC heap after
Heap after GC invocations=3 (full 0):
 PSYoungGen      total 105472K, used 7121K [0x0000000780980000, 0x0000000787980000, 0x00000007c0000000)
  eden space 97280K, 0% used [0x0000000780980000,0x0000000780980000,0x0000000786880000)
  from space 8192K, 86% used [0x0000000786880000,0x0000000786f74680,0x0000000787080000)
  to   space 8192K, 0% used [0x0000000787180000,0x0000000787180000,0x0000000787980000)
 ParOldGen       total 131072K, used 24533K [0x0000000701c00000, 0x0000000709c00000, 0x0000000780980000)
  object space 131072K, 18% used [0x0000000701c00000,0x00000007033f5480,0x0000000709c00000)
 Metaspace       used 20840K, capacity 21122K, committed 21248K, reserved 1067008K
  class space    used 2735K, capacity 2815K, committed 2816K, reserved 1048576K
}
Event: 6.666 GC heap before
{Heap before GC invocations=4 (full 1):
 PSYoungGen      total 105472K, used 7121K [0x0000000780980000, 0x0000000787980000, 0x00000007c0000000)
  eden space 97280K, 0% used [0x0000000780980000,0x0000000780980000,0x0000000786880000)
  from space 8192K, 86% used [0x0000000786880000,0x0000000786f74680,0x0000000787080000)
  to   space 8192K, 0% used [0x0000000787180000,0x0000000787180000,0x0000000787980000)
 ParOldGen       total 131072K, used 24533K [0x0000000701c00000, 0x0000000709c00000, 0x0000000780980000)
  object space 131072K, 18% used [0x0000000701c00000,0x00000007033f5480,0x0000000709c00000)
 Metaspace       used 20840K, capacity 21122K, committed 21248K, reserved 1067008K
  class space    used 2735K, capacity 2815K, committed 2816K, reserved 1048576K
Event: 6.705 GC heap after
Heap after GC invocations=4 (full 1):
 PSYoungGen      total 105472K, used 0K [0x0000000780980000, 0x0000000787980000, 0x00000007c0000000)
  eden space 97280K, 0% used [0x0000000780980000,0x0000000780980000,0x0000000786880000)
  from space 8192K, 0% used [0x0000000786880000,0x0000000786880000,0x0000000787080000)
  to   space 8192K, 0% used [0x0000000787180000,0x0000000787180000,0x0000000787980000)
 ParOldGen       total 99840K, used 15690K [0x0000000701c00000, 0x0000000707d80000, 0x0000000780980000)
  object space 99840K, 15% used [0x0000000701c00000,0x0000000702b52b80,0x0000000707d80000)
 Metaspace       used 20840K, capacity 21122K, committed 21248K, reserved 1067008K
  class space    used 2735K, capacity 2815K, committed 2816K, reserved 1048576K
}

