# JRE version: Java(TM) SE Runtime Environment (8.0_131-b11) (build 1.8.0_131-b11)
# Java VM: Java HotSpot(TM) 64-Bit Server VM (25.131-b11 mixed mode windows-amd64 compressed oops)
Heap:
 PSYoungGen      total 57344K, used 40929K [0x0000000780980000, 0x0000000787980000, 0x00000007c0000000)
  eden space 49152K, 83% used [0x0000000780980000,0x0000000783178698,0x0000000783980000)
  from space 8192K, 0% used [0x0000000783980000,0x0000000783980000,0x0000000784180000)
  to   space 8192K, 0% used [0x0000000787180000,0x0000000787180000,0x0000000787980000)
 ParOldGen       total 89600K, used 15953K [0x0000000701c00000, 0x0000000707380000, 0x0000000780980000)
  object space 89600K, 17% used [0x0000000701c00000,0x0000000702b947f8,0x0000000707380000)
 Metaspace       used 24756K, capacity 25182K, committed 25344K, reserved 1071104K
  class space    used 3125K, capacity 3238K, committed 3328K, reserved 1048576K
GC Heap History (8 events):
Event: 3.437 GC heap before
{Heap before GC invocations=1 (full 0):
 PSYoungGen      total 57344K, used 49152K [0x0000000780980000, 0x0000000784980000, 0x00000007c0000000)
  eden space 49152K, 100% used [0x0000000780980000,0x0000000783980000,0x0000000783980000)
  from space 8192K, 0% used [0x0000000784180000,0x0000000784180000,0x0000000784980000)
  to   space 8192K, 0% used [0x0000000783980000,0x0000000783980000,0x0000000784180000)
 ParOldGen       total 131072K, used 0K [0x0000000701c00000, 0x0000000709c00000, 0x0000000780980000)
  object space 131072K, 0% used [0x0000000701c00000,0x0000000701c00000,0x0000000709c00000)
 Metaspace       used 16071K, capacity 16350K, committed 16640K, reserved 1062912K
  class space    used 2130K, capacity 2226K, committed 2304K, reserved 1048576K
Event: 3.466 GC heap after
Heap after GC invocations=1 (full 0):
 PSYoungGen      total 57344K, used 8190K [0x0000000780980000, 0x0000000784980000, 0x00000007c0000000)
  eden space 49152K, 0% used [0x0000000780980000,0x0000000780980000,0x0000000783980000)
  from space 8192K, 99% used [0x0000000783980000,0x000000078417fb98,0x0000000784180000)
  to   space 8192K, 0% used [0x0000000784180000,0x0000000784180000,0x0000000784980000)
 ParOldGen       total 131072K, used 15579K [0x0000000701c00000, 0x0000000709c00000, 0x0000000780980000)
  object space 131072K, 11% used [0x0000000701c00000,0x0000000702b36dc8,0x0000000709c00000)
 Metaspace       used 16071K, capacity 16350K, committed 16640K, reserved 1062912K
  class space    used 2130K, capacity 2226K, committed 2304K, reserved 1048576K
}
Event: 5.267 GC heap before
{Heap before GC invocations=2 (full 0):
 PSYoungGen      total 57344K, used 57342K [0x0000000780980000, 0x0000000784980000, 0x00000007c0000000)
  eden space 49152K, 100% used [0x0000000780980000,0x0000000783980000,0x0000000783980000)
  from space 8192K, 99% used [0x0000000783980000,0x000000078417fb98,0x0000000784180000)
  to   space 8192K, 0% used [0x0000000784180000,0x0000000784180000,0x0000000784980000)
 ParOldGen       total 131072K, used 15579K [0x0000000701c00000, 0x0000000709c00000, 0x0000000780980000)
  object space 131072K, 11% used [0x0000000701c00000,0x0000000702b36dc8,0x0000000709c00000)
 Metaspace       used 20357K, capacity 20706K, committed 20992K, reserved 1067008K
  class space    used 2688K, capacity 2783K, committed 2816K, reserved 1048576K
Event: 5.276 GC heap after
Heap after GC invocations=2 (full 0):
 PSYoungGen      total 57344K, used 8190K [0x0000000780980000, 0x0000000784980000, 0x00000007c0000000)
  eden space 49152K, 0% used [0x0000000780980000,0x0000000780980000,0x0000000783980000)
  from space 8192K, 99% used [0x0000000784180000,0x000000078497f898,0x0000000784980000)
  to   space 8192K, 0% used [0x0000000783980000,0x0000000783980000,0x0000000784180000)
 ParOldGen       total 131072K, used 22582K [0x0000000701c00000, 0x0000000709c00000, 0x0000000780980000)
  object space 131072K, 17% used [0x0000000701c00000,0x000000070320da50,0x0000000709c00000)
 Metaspace       used 20357K, capacity 20706K, committed 20992K, reserved 1067008K
  class space    used 2688K, capacity 2783K, committed 2816K, reserved 1048576K
}
Event: 5.296 GC heap before
{Heap before GC invocations=3 (full 0):
 PSYoungGen      total 57344K, used 10600K [0x0000000780980000, 0x0000000784980000, 0x00000007c0000000)
  eden space 49152K, 4% used [0x0000000780980000,0x0000000780bdaae8,0x0000000783980000)
  from space 8192K, 99% used [0x0000000784180000,0x000000078497f898,0x0000000784980000)
  to   space 8192K, 0% used [0x0000000783980000,0x0000000783980000,0x0000000784180000)
 ParOldGen       total 131072K, used 22582K [0x0000000701c00000, 0x0000000709c00000, 0x0000000780980000)
  object space 131072K, 17% used [0x0000000701c00000,0x000000070320da50,0x0000000709c00000)
 Metaspace       used 20841K, capacity 21122K, committed 21248K, reserved 1067008K
  class space    used 2737K, capacity 2815K, committed 2816K, reserved 1048576K
Event: 5.301 GC heap after
Heap after GC invocations=3 (full 0):
 PSYoungGen      total 57344K, used 8180K [0x0000000780980000, 0x0000000787980000, 0x00000007c0000000)
  eden space 49152K, 0% used [0x0000000780980000,0x0000000780980000,0x0000000783980000)
  from space 8192K, 99% used [0x0000000783980000,0x000000078417d208,0x0000000784180000)
  to   space 8192K, 0% used [0x0000000787180000,0x0000000787180000,0x0000000787980000)
 ParOldGen       total 131072K, used 22718K [0x0000000701c00000, 0x0000000709c00000, 0x0000000780980000)
  object space 131072K, 17% used [0x0000000701c00000,0x000000070322faa0,0x0000000709c00000)
 Metaspace       used 20841K, capacity 21122K, committed 21248K, reserved 1067008K
  class space    used 2737K, capacity 2815K, committed 2816K, reserved 1048576K
}
Event: 5.301 GC heap before
{Heap before GC invocations=4 (full 1):
 PSYoungGen      total 57344K, used 8180K [0x0000000780980000, 0x0000000787980000, 0x00000007c0000000)
  eden space 49152K, 0% used [0x0000000780980000,0x0000000780980000,0x0000000783980000)
  from space 8192K, 99% used [0x0000000783980000,0x000000078417d208,0x0000000784180000)
  to   space 8192K, 0% used [0x0000000787180000,0x0000000787180000,0x0000000787980000)
 ParOldGen       total 131072K, used 22718K [0x0000000701c00000, 0x0000000709c00000, 0x0000000780980000)
  object space 131072K, 17% used [0x0000000701c00000,0x000000070322faa0,0x0000000709c00000)
 Metaspace       used 20841K, capacity 21122K, committed 21248K, reserved 1067008K
  class space    used 2737K, capacity 2815K, committed 2816K, reserved 1048576K
Event: 5.335 GC heap after
Heap after GC invocations=4 (full 1):
 PSYoungGen      total 57344K, used 0K [0x0000000780980000, 0x0000000787980000, 0x00000007c0000000)
  eden space 49152K, 0% used [0x0000000780980000,0x0000000780980000,0x0000000783980000)
  from space 8192K, 0% used [0x0000000783980000,0x0000000783980000,0x0000000784180000)
  to   space 8192K, 0% used [0x0000000787180000,0x0000000787180000,0x0000000787980000)
 ParOldGen       total 89600K, used 15953K [0x0000000701c00000, 0x0000000707380000, 0x0000000780980000)
  object space 89600K, 17% used [0x0000000701c00000,0x0000000702b947f8,0x0000000707380000)
 Metaspace       used 20841K, capacity 21122K, committed 21248K, reserved 1067008K
  class space    used 2737K, capacity 2815K, committed 2816K, reserved 1048576K
}

