# JRE version: Java(TM) SE Runtime Environment (8.0_131-b11) (build 1.8.0_131-b11)
# Java VM: Java HotSpot(TM) 64-Bit Server VM (25.131-b11 mixed mode windows-amd64 compressed oops)
Heap:
 PSYoungGen      total 101376K, used 39100K [0x0000000780980000, 0x0000000787700000, 0x00000007c0000000)
  eden space 95744K, 35% used [0x0000000780980000,0x0000000782a4f268,0x0000000786700000)
  from space 5632K, 97% used [0x0000000787180000,0x00000007876e0000,0x0000000787700000)
  to   space 8192K, 0% used [0x0000000786700000,0x0000000786700000,0x0000000786f00000)
 ParOldGen       total 83968K, used 16127K [0x0000000701c00000, 0x0000000706e00000, 0x0000000780980000)
  object space 83968K, 19% used [0x0000000701c00000,0x0000000702bbfd58,0x0000000706e00000)
 Metaspace       used 25159K, capacity 25574K, committed 25856K, reserved 1071104K
  class space    used 3132K, capacity 3238K, committed 3328K, reserved 1048576K
GC Heap History (10 events):
Event: 1.741 GC heap before
{Heap before GC invocations=1 (full 0):
 PSYoungGen      total 57344K, used 45813K [0x0000000780980000, 0x0000000784980000, 0x00000007c0000000)
  eden space 49152K, 93% used [0x0000000780980000,0x000000078363d408,0x0000000783980000)
  from space 8192K, 0% used [0x0000000784180000,0x0000000784180000,0x0000000784980000)
  to   space 8192K, 0% used [0x0000000783980000,0x0000000783980000,0x0000000784180000)
 ParOldGen       total 131072K, used 0K [0x0000000701c00000, 0x0000000709c00000, 0x0000000780980000)
  object space 131072K, 0% used [0x0000000701c00000,0x0000000701c00000,0x0000000709c00000)
 Metaspace       used 15370K, capacity 15642K, committed 15744K, reserved 1062912K
  class space    used 2062K, capacity 2162K, committed 2176K, reserved 1048576K
Event: 1.754 GC heap after
Heap after GC invocations=1 (full 0):
 PSYoungGen      total 57344K, used 8174K [0x0000000780980000, 0x0000000784980000, 0x00000007c0000000)
  eden space 49152K, 0% used [0x0000000780980000,0x0000000780980000,0x0000000783980000)
  from space 8192K, 99% used [0x0000000783980000,0x000000078417bba8,0x0000000784180000)
  to   space 8192K, 0% used [0x0000000784180000,0x0000000784180000,0x0000000784980000)
 ParOldGen       total 131072K, used 1863K [0x0000000701c00000, 0x0000000709c00000, 0x0000000780980000)
  object space 131072K, 1% used [0x0000000701c00000,0x0000000701dd1cb0,0x0000000709c00000)
 Metaspace       used 15370K, capacity 15642K, committed 15744K, reserved 1062912K
  class space    used 2062K, capacity 2162K, committed 2176K, reserved 1048576K
}
Event: 32.441 GC heap before
{Heap before GC invocations=2 (full 0):
 PSYoungGen      total 57344K, used 57326K [0x0000000780980000, 0x0000000784980000, 0x00000007c0000000)
  eden space 49152K, 100% used [0x0000000780980000,0x0000000783980000,0x0000000783980000)
  from space 8192K, 99% used [0x0000000783980000,0x000000078417bba8,0x0000000784180000)
  to   space 8192K, 0% used [0x0000000784180000,0x0000000784180000,0x0000000784980000)
 ParOldGen       total 131072K, used 1863K [0x0000000701c00000, 0x0000000709c00000, 0x0000000780980000)
  object space 131072K, 1% used [0x0000000701c00000,0x0000000701dd1cb0,0x0000000709c00000)
 Metaspace       used 19018K, capacity 19256K, committed 19584K, reserved 1067008K
  class space    used 2504K, capacity 2589K, committed 2688K, reserved 1048576K
Event: 32.449 GC heap after
Heap after GC invocations=2 (full 0):
 PSYoungGen      total 57344K, used 8174K [0x0000000780980000, 0x0000000784980000, 0x00000007c0000000)
  eden space 49152K, 0% used [0x0000000780980000,0x0000000780980000,0x0000000783980000)
  from space 8192K, 99% used [0x0000000784180000,0x000000078497bba8,0x0000000784980000)
  to   space 8192K, 0% used [0x0000000783980000,0x0000000783980000,0x0000000784180000)
 ParOldGen       total 131072K, used 15138K [0x0000000701c00000, 0x0000000709c00000, 0x0000000780980000)
  object space 131072K, 11% used [0x0000000701c00000,0x0000000702ac88e8,0x0000000709c00000)
 Metaspace       used 19018K, capacity 19256K, committed 19584K, reserved 1067008K
  class space    used 2504K, capacity 2589K, committed 2688K, reserved 1048576K
}
Event: 32.551 GC heap before
{Heap before GC invocations=3 (full 0):
 PSYoungGen      total 57344K, used 17838K [0x0000000780980000, 0x0000000784980000, 0x00000007c0000000)
  eden space 49152K, 19% used [0x0000000780980000,0x00000007812effa8,0x0000000783980000)
  from space 8192K, 99% used [0x0000000784180000,0x000000078497bba8,0x0000000784980000)
  to   space 8192K, 0% used [0x0000000783980000,0x0000000783980000,0x0000000784180000)
 ParOldGen       total 131072K, used 15138K [0x0000000701c00000, 0x0000000709c00000, 0x0000000780980000)
  object space 131072K, 11% used [0x0000000701c00000,0x0000000702ac88e8,0x0000000709c00000)
 Metaspace       used 20842K, capacity 21122K, committed 21248K, reserved 1067008K
  class space    used 2738K, capacity 2815K, committed 2816K, reserved 1048576K
Event: 32.557 GC heap after
Heap after GC invocations=3 (full 0):
 PSYoungGen      total 57344K, used 8190K [0x0000000780980000, 0x0000000787980000, 0x00000007c0000000)
  eden space 49152K, 0% used [0x0000000780980000,0x0000000780980000,0x0000000783980000)
  from space 8192K, 99% used [0x0000000783980000,0x000000078417fbb8,0x0000000784180000)
  to   space 8192K, 0% used [0x0000000787180000,0x0000000787180000,0x0000000787980000)
 ParOldGen       total 131072K, used 15474K [0x0000000701c00000, 0x0000000709c00000, 0x0000000780980000)
  object space 131072K, 11% used [0x0000000701c00000,0x0000000702b1c8f8,0x0000000709c00000)
 Metaspace       used 20842K, capacity 21122K, committed 21248K, reserved 1067008K
  class space    used 2738K, capacity 2815K, committed 2816K, reserved 1048576K
}
Event: 32.557 GC heap before
{Heap before GC invocations=4 (full 1):
 PSYoungGen      total 57344K, used 8190K [0x0000000780980000, 0x0000000787980000, 0x00000007c0000000)
  eden space 49152K, 0% used [0x0000000780980000,0x0000000780980000,0x0000000783980000)
  from space 8192K, 99% used [0x0000000783980000,0x000000078417fbb8,0x0000000784180000)
  to   space 8192K, 0% used [0x0000000787180000,0x0000000787180000,0x0000000787980000)
 ParOldGen       total 131072K, used 15474K [0x0000000701c00000, 0x0000000709c00000, 0x0000000780980000)
  object space 131072K, 11% used [0x0000000701c00000,0x0000000702b1c8f8,0x0000000709c00000)
 Metaspace       used 20842K, capacity 21122K, committed 21248K, reserved 1067008K
  class space    used 2738K, capacity 2815K, committed 2816K, reserved 1048576K
Event: 32.588 GC heap after
Heap after GC invocations=4 (full 1):
 PSYoungGen      total 57344K, used 0K [0x0000000780980000, 0x0000000787980000, 0x00000007c0000000)
  eden space 49152K, 0% used [0x0000000780980000,0x0000000780980000,0x0000000783980000)
  from space 8192K, 0% used [0x0000000783980000,0x0000000783980000,0x0000000784180000)
  to   space 8192K, 0% used [0x0000000787180000,0x0000000787180000,0x0000000787980000)
 ParOldGen       total 83968K, used 16119K [0x0000000701c00000, 0x0000000706e00000, 0x0000000780980000)
  object space 83968K, 19% used [0x0000000701c00000,0x0000000702bbdd58,0x0000000706e00000)
 Metaspace       used 20842K, capacity 21122K, committed 21248K, reserved 1067008K
  class space    used 2738K, capacity 2815K, committed 2816K, reserved 1048576K
}
Event: 33.875 GC heap before
{Heap before GC invocations=5 (full 1):
 PSYoungGen      total 57344K, used 49152K [0x0000000780980000, 0x0000000787980000, 0x00000007c0000000)
  eden space 49152K, 100% used [0x0000000780980000,0x0000000783980000,0x0000000783980000)
  from space 8192K, 0% used [0x0000000783980000,0x0000000783980000,0x0000000784180000)
  to   space 8192K, 0% used [0x0000000787180000,0x0000000787180000,0x0000000787980000)
 ParOldGen       total 83968K, used 16119K [0x0000000701c00000, 0x0000000706e00000, 0x0000000780980000)
  object space 83968K, 19% used [0x0000000701c00000,0x0000000702bbdd58,0x0000000706e00000)
 Metaspace       used 23355K, capacity 23794K, committed 23936K, reserved 1071104K
  class space    used 2962K, capacity 3076K, committed 3200K, reserved 1048576K
Event: 33.887 GC heap after
Heap after GC invocations=5 (full 1):
 PSYoungGen      total 101376K, used 5504K [0x0000000780980000, 0x0000000787700000, 0x00000007c0000000)
  eden space 95744K, 0% used [0x0000000780980000,0x0000000780980000,0x0000000786700000)
  from space 5632K, 97% used [0x0000000787180000,0x00000007876e0000,0x0000000787700000)
  to   space 8192K, 0% used [0x0000000786700000,0x0000000786700000,0x0000000786f00000)
 ParOldGen       total 83968K, used 16127K [0x0000000701c00000, 0x0000000706e00000, 0x0000000780980000)
  object space 83968K, 19% used [0x0000000701c00000,0x0000000702bbfd58,0x0000000706e00000)
 Metaspace       used 23355K, capacity 23794K, committed 23936K, reserved 1071104K
  class space    used 2962K, capacity 3076K, committed 3200K, reserved 1048576K
}

