# JRE version: Java(TM) SE Runtime Environment (8.0_131-b11) (build 1.8.0_131-b11)
# Java VM: Java HotSpot(TM) 64-Bit Server VM (25.131-b11 mixed mode windows-amd64 compressed oops)
Heap:
 PSYoungGen      total 106496K, used 87568K [0x0000000780980000, 0x000000078d980000, 0x00000007c0000000)
  eden space 98304K, 89% used [0x0000000780980000,0x0000000785f04060,0x0000000786980000)
  from space 8192K, 0% used [0x0000000786980000,0x0000000786980000,0x0000000787180000)
  to   space 8192K, 0% used [0x000000078d180000,0x000000078d180000,0x000000078d980000)
 ParOldGen       total 83968K, used 16049K [0x0000000701c00000, 0x0000000706e00000, 0x0000000780980000)
  object space 83968K, 19% used [0x0000000701c00000,0x0000000702bac5f0,0x0000000706e00000)
 Metaspace       used 25081K, capacity 25510K, committed 25856K, reserved 1071104K
  class space    used 3132K, capacity 3238K, committed 3328K, reserved 1048576K
GC Heap History (8 events):
Event: 1.737 GC heap before
{Heap before GC invocations=1 (full 0):
 PSYoungGen      total 57344K, used 45814K [0x0000000780980000, 0x0000000784980000, 0x00000007c0000000)
  eden space 49152K, 93% used [0x0000000780980000,0x000000078363da20,0x0000000783980000)
  from space 8192K, 0% used [0x0000000784180000,0x0000000784180000,0x0000000784980000)
  to   space 8192K, 0% used [0x0000000783980000,0x0000000783980000,0x0000000784180000)
 ParOldGen       total 131072K, used 0K [0x0000000701c00000, 0x0000000709c00000, 0x0000000780980000)
  object space 131072K, 0% used [0x0000000701c00000,0x0000000701c00000,0x0000000709c00000)
 Metaspace       used 15399K, capacity 15642K, committed 15744K, reserved 1062912K
  class space    used 2062K, capacity 2162K, committed 2176K, reserved 1048576K
Event: 1.795 GC heap after
Heap after GC invocations=1 (full 0):
 PSYoungGen      total 57344K, used 8185K [0x0000000780980000, 0x0000000787980000, 0x00000007c0000000)
  eden space 49152K, 0% used [0x0000000780980000,0x0000000780980000,0x0000000783980000)
  from space 8192K, 99% used [0x0000000783980000,0x000000078417e478,0x0000000784180000)
  to   space 8192K, 0% used [0x0000000787180000,0x0000000787180000,0x0000000787980000)
 ParOldGen       total 131072K, used 1860K [0x0000000701c00000, 0x0000000709c00000, 0x0000000780980000)
  object space 131072K, 1% used [0x0000000701c00000,0x0000000701dd1048,0x0000000709c00000)
 Metaspace       used 15399K, capacity 15642K, committed 15744K, reserved 1062912K
  class space    used 2062K, capacity 2162K, committed 2176K, reserved 1048576K
}
Event: 15.747 GC heap before
{Heap before GC invocations=2 (full 0):
 PSYoungGen      total 57344K, used 57337K [0x0000000780980000, 0x0000000787980000, 0x00000007c0000000)
  eden space 49152K, 100% used [0x0000000780980000,0x0000000783980000,0x0000000783980000)
  from space 8192K, 99% used [0x0000000783980000,0x000000078417e478,0x0000000784180000)
  to   space 8192K, 0% used [0x0000000787180000,0x0000000787180000,0x0000000787980000)
 ParOldGen       total 131072K, used 1860K [0x0000000701c00000, 0x0000000709c00000, 0x0000000780980000)
  object space 131072K, 1% used [0x0000000701c00000,0x0000000701dd1048,0x0000000709c00000)
 Metaspace       used 19122K, capacity 19408K, committed 19840K, reserved 1067008K
  class space    used 2506K, capacity 2589K, committed 2688K, reserved 1048576K
Event: 15.756 GC heap after
Heap after GC invocations=2 (full 0):
 PSYoungGen      total 106496K, used 8174K [0x0000000780980000, 0x0000000787980000, 0x00000007c0000000)
  eden space 98304K, 0% used [0x0000000780980000,0x0000000780980000,0x0000000786980000)
  from space 8192K, 99% used [0x0000000787180000,0x000000078797bbc8,0x0000000787980000)
  to   space 8192K, 0% used [0x0000000786980000,0x0000000786980000,0x0000000787180000)
 ParOldGen       total 131072K, used 15005K [0x0000000701c00000, 0x0000000709c00000, 0x0000000780980000)
  object space 131072K, 11% used [0x0000000701c00000,0x0000000702aa7700,0x0000000709c00000)
 Metaspace       used 19122K, capacity 19408K, committed 19840K, reserved 1067008K
  class space    used 2506K, capacity 2589K, committed 2688K, reserved 1048576K
}
Event: 15.878 GC heap before
{Heap before GC invocations=3 (full 0):
 PSYoungGen      total 106496K, used 18767K [0x0000000780980000, 0x0000000787980000, 0x00000007c0000000)
  eden space 98304K, 10% used [0x0000000780980000,0x00000007813d83d0,0x0000000786980000)
  from space 8192K, 99% used [0x0000000787180000,0x000000078797bbc8,0x0000000787980000)
  to   space 8192K, 0% used [0x0000000786980000,0x0000000786980000,0x0000000787180000)
 ParOldGen       total 131072K, used 15005K [0x0000000701c00000, 0x0000000709c00000, 0x0000000780980000)
  object space 131072K, 11% used [0x0000000701c00000,0x0000000702aa7700,0x0000000709c00000)
 Metaspace       used 20776K, capacity 21058K, committed 21248K, reserved 1067008K
  class space    used 2736K, capacity 2815K, committed 2816K, reserved 1048576K
Event: 15.886 GC heap after
Heap after GC invocations=3 (full 0):
 PSYoungGen      total 106496K, used 8190K [0x0000000780980000, 0x000000078d980000, 0x00000007c0000000)
  eden space 98304K, 0% used [0x0000000780980000,0x0000000780980000,0x0000000786980000)
  from space 8192K, 99% used [0x0000000786980000,0x000000078717fbb8,0x0000000787180000)
  to   space 8192K, 0% used [0x000000078d180000,0x000000078d180000,0x000000078d980000)
 ParOldGen       total 131072K, used 25022K [0x0000000701c00000, 0x0000000709c00000, 0x0000000780980000)
  object space 131072K, 19% used [0x0000000701c00000,0x000000070346fb80,0x0000000709c00000)
 Metaspace       used 20776K, capacity 21058K, committed 21248K, reserved 1067008K
  class space    used 2736K, capacity 2815K, committed 2816K, reserved 1048576K
}
Event: 15.886 GC heap before
{Heap before GC invocations=4 (full 1):
 PSYoungGen      total 106496K, used 8190K [0x0000000780980000, 0x000000078d980000, 0x00000007c0000000)
  eden space 98304K, 0% used [0x0000000780980000,0x0000000780980000,0x0000000786980000)
  from space 8192K, 99% used [0x0000000786980000,0x000000078717fbb8,0x0000000787180000)
  to   space 8192K, 0% used [0x000000078d180000,0x000000078d180000,0x000000078d980000)
 ParOldGen       total 131072K, used 25022K [0x0000000701c00000, 0x0000000709c00000, 0x0000000780980000)
  object space 131072K, 19% used [0x0000000701c00000,0x000000070346fb80,0x0000000709c00000)
 Metaspace       used 20776K, capacity 21058K, committed 21248K, reserved 1067008K
  class space    used 2736K, capacity 2815K, committed 2816K, reserved 1048576K
Event: 15.917 GC heap after
Heap after GC invocations=4 (full 1):
 PSYoungGen      total 106496K, used 0K [0x0000000780980000, 0x000000078d980000, 0x00000007c0000000)
  eden space 98304K, 0% used [0x0000000780980000,0x0000000780980000,0x0000000786980000)
  from space 8192K, 0% used [0x0000000786980000,0x0000000786980000,0x0000000787180000)
  to   space 8192K, 0% used [0x000000078d180000,0x000000078d180000,0x000000078d980000)
 ParOldGen       total 83968K, used 16049K [0x0000000701c00000, 0x0000000706e00000, 0x0000000780980000)
  object space 83968K, 19% used [0x0000000701c00000,0x0000000702bac5f0,0x0000000706e00000)
 Metaspace       used 20776K, capacity 21058K, committed 21248K, reserved 1067008K
  class space    used 2736K, capacity 2815K, committed 2816K, reserved 1048576K
}

