# JRE version: Java(TM) SE Runtime Environment (8.0_131-b11) (build 1.8.0_131-b11)
# Java VM: Java HotSpot(TM) 64-Bit Server VM (25.131-b11 mixed mode windows-amd64 compressed oops)
Heap:
 PSYoungGen      total 57344K, used 45637K [0x0000000780980000, 0x0000000787980000, 0x00000007c0000000)
  eden space 49152K, 92% used [0x0000000780980000,0x0000000783611478,0x0000000783980000)
  from space 8192K, 0% used [0x0000000783980000,0x0000000783980000,0x0000000784180000)
  to   space 8192K, 0% used [0x0000000787180000,0x0000000787180000,0x0000000787980000)
 ParOldGen       total 84480K, used 16349K [0x0000000701c00000, 0x0000000706e80000, 0x0000000780980000)
  object space 84480K, 19% used [0x0000000701c00000,0x0000000702bf7418,0x0000000706e80000)
 Metaspace       used 24910K, capacity 25318K, committed 25600K, reserved 1071104K
  class space    used 3128K, capacity 3238K, committed 3328K, reserved 1048576K
GC Heap History (8 events):
Event: 1.720 GC heap before
{Heap before GC invocations=1 (full 0):
 PSYoungGen      total 57344K, used 45808K [0x0000000780980000, 0x0000000784980000, 0x00000007c0000000)
  eden space 49152K, 93% used [0x0000000780980000,0x000000078363c340,0x0000000783980000)
  from space 8192K, 0% used [0x0000000784180000,0x0000000784180000,0x0000000784980000)
  to   space 8192K, 0% used [0x0000000783980000,0x0000000783980000,0x0000000784180000)
 ParOldGen       total 131072K, used 0K [0x0000000701c00000, 0x0000000709c00000, 0x0000000780980000)
  object space 131072K, 0% used [0x0000000701c00000,0x0000000701c00000,0x0000000709c00000)
 Metaspace       used 15389K, capacity 15642K, committed 15744K, reserved 1062912K
  class space    used 2062K, capacity 2162K, committed 2176K, reserved 1048576K
Event: 1.731 GC heap after
Heap after GC invocations=1 (full 0):
 PSYoungGen      total 57344K, used 8174K [0x0000000780980000, 0x0000000784980000, 0x00000007c0000000)
  eden space 49152K, 0% used [0x0000000780980000,0x0000000780980000,0x0000000783980000)
  from space 8192K, 99% used [0x0000000783980000,0x000000078417bbb8,0x0000000784180000)
  to   space 8192K, 0% used [0x0000000784180000,0x0000000784180000,0x0000000784980000)
 ParOldGen       total 131072K, used 1755K [0x0000000701c00000, 0x0000000709c00000, 0x0000000780980000)
  object space 131072K, 1% used [0x0000000701c00000,0x0000000701db6e10,0x0000000709c00000)
 Metaspace       used 15389K, capacity 15642K, committed 15744K, reserved 1062912K
  class space    used 2062K, capacity 2162K, committed 2176K, reserved 1048576K
}
Event: 11.193 GC heap before
{Heap before GC invocations=2 (full 0):
 PSYoungGen      total 57344K, used 57326K [0x0000000780980000, 0x0000000784980000, 0x00000007c0000000)
  eden space 49152K, 100% used [0x0000000780980000,0x0000000783980000,0x0000000783980000)
  from space 8192K, 99% used [0x0000000783980000,0x000000078417bbb8,0x0000000784180000)
  to   space 8192K, 0% used [0x0000000784180000,0x0000000784180000,0x0000000784980000)
 ParOldGen       total 131072K, used 1755K [0x0000000701c00000, 0x0000000709c00000, 0x0000000780980000)
  object space 131072K, 1% used [0x0000000701c00000,0x0000000701db6e10,0x0000000709c00000)
 Metaspace       used 20495K, capacity 20708K, committed 20992K, reserved 1067008K
  class space    used 2673K, capacity 2751K, committed 2816K, reserved 1048576K
Event: 11.203 GC heap after
Heap after GC invocations=2 (full 0):
 PSYoungGen      total 57344K, used 8174K [0x0000000780980000, 0x0000000784980000, 0x00000007c0000000)
  eden space 49152K, 0% used [0x0000000780980000,0x0000000780980000,0x0000000783980000)
  from space 8192K, 99% used [0x0000000784180000,0x000000078497b9b8,0x0000000784980000)
  to   space 8192K, 0% used [0x0000000783980000,0x0000000783980000,0x0000000784180000)
 ParOldGen       total 131072K, used 15519K [0x0000000701c00000, 0x0000000709c00000, 0x0000000780980000)
  object space 131072K, 11% used [0x0000000701c00000,0x0000000702b27f60,0x0000000709c00000)
 Metaspace       used 20495K, capacity 20708K, committed 20992K, reserved 1067008K
  class space    used 2673K, capacity 2751K, committed 2816K, reserved 1048576K
}
Event: 11.229 GC heap before
{Heap before GC invocations=3 (full 0):
 PSYoungGen      total 57344K, used 22587K [0x0000000780980000, 0x0000000784980000, 0x00000007c0000000)
  eden space 49152K, 29% used [0x0000000780980000,0x0000000781793260,0x0000000783980000)
  from space 8192K, 99% used [0x0000000784180000,0x000000078497b9b8,0x0000000784980000)
  to   space 8192K, 0% used [0x0000000783980000,0x0000000783980000,0x0000000784180000)
 ParOldGen       total 131072K, used 15519K [0x0000000701c00000, 0x0000000709c00000, 0x0000000780980000)
  object space 131072K, 11% used [0x0000000701c00000,0x0000000702b27f60,0x0000000709c00000)
 Metaspace       used 20793K, capacity 20988K, committed 21248K, reserved 1067008K
  class space    used 2690K, capacity 2751K, committed 2816K, reserved 1048576K
Event: 11.235 GC heap after
Heap after GC invocations=3 (full 0):
 PSYoungGen      total 57344K, used 8174K [0x0000000780980000, 0x0000000787980000, 0x00000007c0000000)
  eden space 49152K, 0% used [0x0000000780980000,0x0000000780980000,0x0000000783980000)
  from space 8192K, 99% used [0x0000000783980000,0x000000078417b9a8,0x0000000784180000)
  to   space 8192K, 0% used [0x0000000787180000,0x0000000787180000,0x0000000787980000)
 ParOldGen       total 131072K, used 15647K [0x0000000701c00000, 0x0000000709c00000, 0x0000000780980000)
  object space 131072K, 11% used [0x0000000701c00000,0x0000000702b47f60,0x0000000709c00000)
 Metaspace       used 20793K, capacity 20988K, committed 21248K, reserved 1067008K
  class space    used 2690K, capacity 2751K, committed 2816K, reserved 1048576K
}
Event: 11.235 GC heap before
{Heap before GC invocations=4 (full 1):
 PSYoungGen      total 57344K, used 8174K [0x0000000780980000, 0x0000000787980000, 0x00000007c0000000)
  eden space 49152K, 0% used [0x0000000780980000,0x0000000780980000,0x0000000783980000)
  from space 8192K, 99% used [0x0000000783980000,0x000000078417b9a8,0x0000000784180000)
  to   space 8192K, 0% used [0x0000000787180000,0x0000000787180000,0x0000000787980000)
 ParOldGen       total 131072K, used 15647K [0x0000000701c00000, 0x0000000709c00000, 0x0000000780980000)
  object space 131072K, 11% used [0x0000000701c00000,0x0000000702b47f60,0x0000000709c00000)
 Metaspace       used 20793K, capacity 20988K, committed 21248K, reserved 1067008K
  class space    used 2690K, capacity 2751K, committed 2816K, reserved 1048576K
Event: 11.270 GC heap after
Heap after GC invocations=4 (full 1):
 PSYoungGen      total 57344K, used 0K [0x0000000780980000, 0x0000000787980000, 0x00000007c0000000)
  eden space 49152K, 0% used [0x0000000780980000,0x0000000780980000,0x0000000783980000)
  from space 8192K, 0% used [0x0000000783980000,0x0000000783980000,0x0000000784180000)
  to   space 8192K, 0% used [0x0000000787180000,0x0000000787180000,0x0000000787980000)
 ParOldGen       total 84480K, used 16349K [0x0000000701c00000, 0x0000000706e80000, 0x0000000780980000)
  object space 84480K, 19% used [0x0000000701c00000,0x0000000702bf7418,0x0000000706e80000)
 Metaspace       used 20793K, capacity 20988K, committed 21248K, reserved 1067008K
  class space    used 2690K, capacity 2751K, committed 2816K, reserved 1048576K
}

