# JRE version: Java(TM) SE Runtime Environment (8.0_131-b11) (build 1.8.0_131-b11)
# Java VM: Java HotSpot(TM) 64-Bit Server VM (25.131-b11 mixed mode windows-amd64 compressed oops)
Heap:
 PSYoungGen      total 94720K, used 39466K [0x0000000780980000, 0x0000000787700000, 0x00000007c0000000)
  eden space 89088K, 38% used [0x0000000780980000,0x0000000782abab18,0x0000000786080000)
  from space 5632K, 96% used [0x0000000787180000,0x00000007876d0000,0x0000000787700000)
  to   space 8192K, 0% used [0x0000000786700000,0x0000000786700000,0x0000000786f00000)
 ParOldGen       total 93184K, used 15907K [0x0000000701c00000, 0x0000000707700000, 0x0000000780980000)
  object space 93184K, 17% used [0x0000000701c00000,0x0000000702b88c18,0x0000000707700000)
 Metaspace       used 25422K, capacity 25862K, committed 26112K, reserved 1073152K
  class space    used 3164K, capacity 3270K, committed 3328K, reserved 1048576K
GC Heap History (10 events):
Event: 1.441 GC heap before
{Heap before GC invocations=1 (full 0):
 PSYoungGen      total 57344K, used 45798K [0x0000000780980000, 0x0000000784980000, 0x00000007c0000000)
  eden space 49152K, 93% used [0x0000000780980000,0x0000000783639aa8,0x0000000783980000)
  from space 8192K, 0% used [0x0000000784180000,0x0000000784180000,0x0000000784980000)
  to   space 8192K, 0% used [0x0000000783980000,0x0000000783980000,0x0000000784180000)
 ParOldGen       total 131072K, used 0K [0x0000000701c00000, 0x0000000709c00000, 0x0000000780980000)
  object space 131072K, 0% used [0x0000000701c00000,0x0000000701c00000,0x0000000709c00000)
 Metaspace       used 15372K, capacity 15642K, committed 15744K, reserved 1062912K
  class space    used 2062K, capacity 2162K, committed 2176K, reserved 1048576K
Event: 1.452 GC heap after
Heap after GC invocations=1 (full 0):
 PSYoungGen      total 57344K, used 8174K [0x0000000780980000, 0x0000000784980000, 0x00000007c0000000)
  eden space 49152K, 0% used [0x0000000780980000,0x0000000780980000,0x0000000783980000)
  from space 8192K, 99% used [0x0000000783980000,0x000000078417bb98,0x0000000784180000)
  to   space 8192K, 0% used [0x0000000784180000,0x0000000784180000,0x0000000784980000)
 ParOldGen       total 131072K, used 1778K [0x0000000701c00000, 0x0000000709c00000, 0x0000000780980000)
  object space 131072K, 1% used [0x0000000701c00000,0x0000000701dbcaf8,0x0000000709c00000)
 Metaspace       used 15372K, capacity 15642K, committed 15744K, reserved 1062912K
  class space    used 2062K, capacity 2162K, committed 2176K, reserved 1048576K
}
Event: 7.076 GC heap before
{Heap before GC invocations=2 (full 0):
 PSYoungGen      total 57344K, used 57326K [0x0000000780980000, 0x0000000784980000, 0x00000007c0000000)
  eden space 49152K, 100% used [0x0000000780980000,0x0000000783980000,0x0000000783980000)
  from space 8192K, 99% used [0x0000000783980000,0x000000078417bb98,0x0000000784180000)
  to   space 8192K, 0% used [0x0000000784180000,0x0000000784180000,0x0000000784980000)
 ParOldGen       total 131072K, used 1778K [0x0000000701c00000, 0x0000000709c00000, 0x0000000780980000)
  object space 131072K, 1% used [0x0000000701c00000,0x0000000701dbcaf8,0x0000000709c00000)
 Metaspace       used 19051K, capacity 19320K, committed 19584K, reserved 1067008K
  class space    used 2499K, capacity 2589K, committed 2688K, reserved 1048576K
Event: 7.086 GC heap after
Heap after GC invocations=2 (full 0):
 PSYoungGen      total 57344K, used 8174K [0x0000000780980000, 0x0000000784980000, 0x00000007c0000000)
  eden space 49152K, 0% used [0x0000000780980000,0x0000000780980000,0x0000000783980000)
  from space 8192K, 99% used [0x0000000784180000,0x000000078497bb98,0x0000000784980000)
  to   space 8192K, 0% used [0x0000000783980000,0x0000000783980000,0x0000000784180000)
 ParOldGen       total 131072K, used 19831K [0x0000000701c00000, 0x0000000709c00000, 0x0000000780980000)
  object space 131072K, 15% used [0x0000000701c00000,0x0000000702f5dd28,0x0000000709c00000)
 Metaspace       used 19051K, capacity 19320K, committed 19584K, reserved 1067008K
  class space    used 2499K, capacity 2589K, committed 2688K, reserved 1048576K
}
Event: 7.190 GC heap before
{Heap before GC invocations=3 (full 0):
 PSYoungGen      total 57344K, used 19517K [0x0000000780980000, 0x0000000784980000, 0x00000007c0000000)
  eden space 49152K, 23% used [0x0000000780980000,0x0000000781493b58,0x0000000783980000)
  from space 8192K, 99% used [0x0000000784180000,0x000000078497bb98,0x0000000784980000)
  to   space 8192K, 0% used [0x0000000783980000,0x0000000783980000,0x0000000784180000)
 ParOldGen       total 131072K, used 19831K [0x0000000701c00000, 0x0000000709c00000, 0x0000000780980000)
  object space 131072K, 15% used [0x0000000701c00000,0x0000000702f5dd28,0x0000000709c00000)
 Metaspace       used 20830K, capacity 21122K, committed 21248K, reserved 1067008K
  class space    used 2725K, capacity 2815K, committed 2816K, reserved 1048576K
Event: 7.198 GC heap after
Heap after GC invocations=3 (full 0):
 PSYoungGen      total 57344K, used 8174K [0x0000000780980000, 0x0000000787980000, 0x00000007c0000000)
  eden space 49152K, 0% used [0x0000000780980000,0x0000000780980000,0x0000000783980000)
  from space 8192K, 99% used [0x0000000783980000,0x000000078417bb98,0x0000000784180000)
  to   space 8192K, 0% used [0x0000000787180000,0x0000000787180000,0x0000000787980000)
 ParOldGen       total 131072K, used 25079K [0x0000000701c00000, 0x0000000709c00000, 0x0000000780980000)
  object space 131072K, 19% used [0x0000000701c00000,0x000000070347df60,0x0000000709c00000)
 Metaspace       used 20830K, capacity 21122K, committed 21248K, reserved 1067008K
  class space    used 2725K, capacity 2815K, committed 2816K, reserved 1048576K
}
Event: 7.198 GC heap before
{Heap before GC invocations=4 (full 1):
 PSYoungGen      total 57344K, used 8174K [0x0000000780980000, 0x0000000787980000, 0x00000007c0000000)
  eden space 49152K, 0% used [0x0000000780980000,0x0000000780980000,0x0000000783980000)
  from space 8192K, 99% used [0x0000000783980000,0x000000078417bb98,0x0000000784180000)
  to   space 8192K, 0% used [0x0000000787180000,0x0000000787180000,0x0000000787980000)
 ParOldGen       total 131072K, used 25079K [0x0000000701c00000, 0x0000000709c00000, 0x0000000780980000)
  object space 131072K, 19% used [0x0000000701c00000,0x000000070347df60,0x0000000709c00000)
 Metaspace       used 20830K, capacity 21122K, committed 21248K, reserved 1067008K
  class space    used 2725K, capacity 2815K, committed 2816K, reserved 1048576K
Event: 7.230 GC heap after
Heap after GC invocations=4 (full 1):
 PSYoungGen      total 57344K, used 0K [0x0000000780980000, 0x0000000787980000, 0x00000007c0000000)
  eden space 49152K, 0% used [0x0000000780980000,0x0000000780980000,0x0000000783980000)
  from space 8192K, 0% used [0x0000000783980000,0x0000000783980000,0x0000000784180000)
  to   space 8192K, 0% used [0x0000000787180000,0x0000000787180000,0x0000000787980000)
 ParOldGen       total 93184K, used 15899K [0x0000000701c00000, 0x0000000707700000, 0x0000000780980000)
  object space 93184K, 17% used [0x0000000701c00000,0x0000000702b86c18,0x0000000707700000)
 Metaspace       used 20830K, capacity 21122K, committed 21248K, reserved 1067008K
  class space    used 2725K, capacity 2815K, committed 2816K, reserved 1048576K
}
Event: 8.679 GC heap before
{Heap before GC invocations=5 (full 1):
 PSYoungGen      total 57344K, used 49152K [0x0000000780980000, 0x0000000787980000, 0x00000007c0000000)
  eden space 49152K, 100% used [0x0000000780980000,0x0000000783980000,0x0000000783980000)
  from space 8192K, 0% used [0x0000000783980000,0x0000000783980000,0x0000000784180000)
  to   space 8192K, 0% used [0x0000000787180000,0x0000000787180000,0x0000000787980000)
 ParOldGen       total 93184K, used 15899K [0x0000000701c00000, 0x0000000707700000, 0x0000000780980000)
  object space 93184K, 17% used [0x0000000701c00000,0x0000000702b86c18,0x0000000707700000)
 Metaspace       used 23504K, capacity 23922K, committed 24192K, reserved 1071104K
  class space    used 2970K, capacity 3076K, committed 3200K, reserved 1048576K
Event: 8.687 GC heap after
Heap after GC invocations=5 (full 1):
 PSYoungGen      total 94720K, used 5440K [0x0000000780980000, 0x0000000787700000, 0x00000007c0000000)
  eden space 89088K, 0% used [0x0000000780980000,0x0000000780980000,0x0000000786080000)
  from space 5632K, 96% used [0x0000000787180000,0x00000007876d0000,0x0000000787700000)
  to   space 8192K, 0% used [0x0000000786700000,0x0000000786700000,0x0000000786f00000)
 ParOldGen       total 93184K, used 15907K [0x0000000701c00000, 0x0000000707700000, 0x0000000780980000)
  object space 93184K, 17% used [0x0000000701c00000,0x0000000702b88c18,0x0000000707700000)
 Metaspace       used 23504K, capacity 23922K, committed 24192K, reserved 1071104K
  class space    used 2970K, capacity 3076K, committed 3200K, reserved 1048576K
}

